Unloading R/4.0.1
  Unloading useless requirement: java/8u45 libiconv/1.16 hdf5/1.10.1 gdal/2.1.3
    geos/3.7.1 java/8 netcdf/4.4.1.1 pandoc/2.9.2.1 texlive/2017 ggobi/2.1.11
    workspace/scratch
Loading R/4.1.0_gcc-8.3.0
  Loading requirement: workspace/scratch GCCcore/8.3.0
    binutils/2.35.1-GCCcore-8.3.0 GCC/8.3.0 gdal/3.2.2_gcc-8.3.0
    geos/3.9.1_gcc-8.3.0 texlive/2017 pandoc/2.9.2.1 java/16.0.1
Registered S3 method overwritten by 'spatstat.geom':
  method     from
  print.boxx cli 
Attaching SeuratObject
Warning messages:
1: replacing previous import ‘lifecycle::last_warnings’ by ‘rlang::last_warnings’ when loading ‘tibble’ 
2: replacing previous import ‘lifecycle::last_warnings’ by ‘rlang::last_warnings’ when loading ‘pillar’ 

Attaching package: ‘dplyr’

The following objects are masked from ‘package:stats’:

    filter, lag

The following objects are masked from ‘package:base’:

    intersect, setdiff, setequal, union


Attaching package: ‘ggpubr’

The following object is masked from ‘package:cowplot’:

    get_legend

Warning message:
replacing previous import ‘lifecycle::last_warnings’ by ‘rlang::last_warnings’ when loading ‘hms’ 

Attaching package: ‘rstatix’

The following object is masked from ‘package:stats’:

    filter

Registered S3 method overwritten by 'gamlss':
  method   from
  print.ri bit 
There were 21 warnings (use warnings() to see them)
                                                            Cell_ID
GSM4557327_555_1.16_TGTGGTTCCCTC_1 GSM4557327_555_1.16_TGTGGTTCCCTC
GSM4557327_555_1.19_CATCTGGCTATC_1 GSM4557327_555_1.19_CATCTGGCTATC
GSM4557327_555_1.32_GCCGGTTTATTG_1 GSM4557327_555_1.32_GCCGGTTTATTG
GSM4557327_555_1.33_TAACGCAAACCC_1 GSM4557327_555_1.33_TAACGCAAACCC
GSM4557327_555_1.49_TACCCTAATAAA_1 GSM4557327_555_1.49_TACCCTAATAAA
GSM4557327_555_1.61_CTTACACCCACC_1 GSM4557327_555_1.61_CTTACACCCACC
                                         orig.ident nCount_RNA nFeature_RNA
GSM4557327_555_1.16_TGTGGTTCCCTC_1 GSM4557327_555_1       1153          402
GSM4557327_555_1.19_CATCTGGCTATC_1 GSM4557327_555_1       1145          425
GSM4557327_555_1.32_GCCGGTTTATTG_1 GSM4557327_555_1       1027          466
GSM4557327_555_1.33_TAACGCAAACCC_1 GSM4557327_555_1       2485          468
GSM4557327_555_1.49_TACCCTAATAAA_1 GSM4557327_555_1       1050          466
GSM4557327_555_1.61_CTTACACCCACC_1 GSM4557327_555_1       1667          481
                                   percent.mt percent.rps percent.rpl
GSM4557327_555_1.16_TGTGGTTCCCTC_1   4.396552   1.1206897   1.2068966
GSM4557327_555_1.19_CATCTGGCTATC_1   3.225806   1.3077594   1.3949433
GSM4557327_555_1.32_GCCGGTTTATTG_1   8.729389   1.6488846   2.6188167
GSM4557327_555_1.33_TAACGCAAACCC_1  13.689281   0.5620233   0.8028904
GSM4557327_555_1.49_TACCCTAATAAA_1   6.654171   1.4995314   1.9681350
GSM4557327_555_1.61_CTTACACCCACC_1   8.233890   1.3723150   0.8949881
                                   percent.rrna nCount_SCT nFeature_SCT
GSM4557327_555_1.16_TGTGGTTCCCTC_1     52.67241       1474          402
GSM4557327_555_1.19_CATCTGGCTATC_1     29.55536       1408          425
GSM4557327_555_1.32_GCCGGTTTATTG_1     33.75364       1380          466
GSM4557327_555_1.33_TAACGCAAACCC_1     59.45403       1829          457
GSM4557327_555_1.49_TACCCTAATAAA_1     35.70759       1402          466
GSM4557327_555_1.61_CTTACACCCACC_1     52.86396       1650          481
                                   SCT_snn_res.1 seurat_clusters Donor.orig
GSM4557327_555_1.16_TGTGGTTCCCTC_1             2               2        555
GSM4557327_555_1.19_CATCTGGCTATC_1            15              15        555
GSM4557327_555_1.32_GCCGGTTTATTG_1             2               2        555
GSM4557327_555_1.33_TAACGCAAACCC_1             3               3        555
GSM4557327_555_1.49_TACCCTAATAAA_1             0               0        555
GSM4557327_555_1.61_CTTACACCCACC_1             0               0        555
                                   Donor.full Donor Status DPS DTF Admission
GSM4557327_555_1.16_TGTGGTTCCCTC_1       C1 A    C1  COVID   9   9       ICU
GSM4557327_555_1.19_CATCTGGCTATC_1       C1 A    C1  COVID   9   9       ICU
GSM4557327_555_1.32_GCCGGTTTATTG_1       C1 A    C1  COVID   9   9       ICU
GSM4557327_555_1.33_TAACGCAAACCC_1       C1 A    C1  COVID   9   9       ICU
GSM4557327_555_1.49_TACCCTAATAAA_1       C1 A    C1  COVID   9   9       ICU
GSM4557327_555_1.61_CTTACACCCACC_1       C1 A    C1  COVID   9   9       ICU
                                   Ventilated clinical.outcome pruned.labels
GSM4557327_555_1.16_TGTGGTTCCCTC_1    NonVent       Discharged       T_cells
GSM4557327_555_1.19_CATCTGGCTATC_1    NonVent       Discharged            BM
GSM4557327_555_1.32_GCCGGTTTATTG_1    NonVent       Discharged       T_cells
GSM4557327_555_1.33_TAACGCAAACCC_1    NonVent       Discharged    HSC_-G-CSF
GSM4557327_555_1.49_TACCCTAATAAA_1    NonVent       Discharged    HSC_-G-CSF
GSM4557327_555_1.61_CTTACACCCACC_1    NonVent       Discharged       T_cells
                                   predicted.celltype.l1.score
GSM4557327_555_1.16_TGTGGTTCCCTC_1                   0.7308506
GSM4557327_555_1.19_CATCTGGCTATC_1                   0.9896699
GSM4557327_555_1.32_GCCGGTTTATTG_1                   1.0000000
GSM4557327_555_1.33_TAACGCAAACCC_1                   0.4731185
GSM4557327_555_1.49_TACCCTAATAAA_1                   0.8381181
GSM4557327_555_1.61_CTTACACCCACC_1                   0.3957051
                                   predicted.celltype.l1
GSM4557327_555_1.16_TGTGGTTCCCTC_1                 CD4 T
GSM4557327_555_1.19_CATCTGGCTATC_1                 other
GSM4557327_555_1.32_GCCGGTTTATTG_1                 CD4 T
GSM4557327_555_1.33_TAACGCAAACCC_1                  Mono
GSM4557327_555_1.49_TACCCTAATAAA_1                  Mono
GSM4557327_555_1.61_CTTACACCCACC_1                 CD4 T
                                   predicted.celltype.l2.score
GSM4557327_555_1.16_TGTGGTTCCCTC_1                   0.4390476
GSM4557327_555_1.19_CATCTGGCTATC_1                   0.9618464
GSM4557327_555_1.32_GCCGGTTTATTG_1                   1.0000000
GSM4557327_555_1.33_TAACGCAAACCC_1                   0.4722181
GSM4557327_555_1.49_TACCCTAATAAA_1                   0.8371866
GSM4557327_555_1.61_CTTACACCCACC_1                   0.3715991
                                   predicted.celltype.l2   celltype seq_folder
GSM4557327_555_1.16_TGTGGTTCCCTC_1               CD4 TCM      CD4 T       <NA>
GSM4557327_555_1.19_CATCTGGCTATC_1                 Eryth         BM       <NA>
GSM4557327_555_1.32_GCCGGTTTATTG_1               CD4 TCM      CD4 T       <NA>
GSM4557327_555_1.33_TAACGCAAACCC_1             CD14 Mono HSC_-G-CSF       <NA>
GSM4557327_555_1.49_TACCCTAATAAA_1             CD14 Mono HSC_-G-CSF       <NA>
GSM4557327_555_1.61_CTTACACCCACC_1               CD4 CTL      CD4 T       <NA>
                                   nUMI nGene log10GenesPerUMI mitoRatio cells
GSM4557327_555_1.16_TGTGGTTCCCTC_1   NA    NA               NA        NA  <NA>
GSM4557327_555_1.19_CATCTGGCTATC_1   NA    NA               NA        NA  <NA>
GSM4557327_555_1.32_GCCGGTTTATTG_1   NA    NA               NA        NA  <NA>
GSM4557327_555_1.33_TAACGCAAACCC_1   NA    NA               NA        NA  <NA>
GSM4557327_555_1.49_TACCCTAATAAA_1   NA    NA               NA        NA  <NA>
GSM4557327_555_1.61_CTTACACCCACC_1   NA    NA               NA        NA  <NA>
                                   sample nReads_RNA nReads_ALL percent.mito
GSM4557327_555_1.16_TGTGGTTCCCTC_1   <NA>         NA         NA           NA
GSM4557327_555_1.19_CATCTGGCTATC_1   <NA>         NA         NA           NA
GSM4557327_555_1.32_GCCGGTTTATTG_1   <NA>         NA         NA           NA
GSM4557327_555_1.33_TAACGCAAACCC_1   <NA>         NA         NA           NA
GSM4557327_555_1.49_TACCCTAATAAA_1   <NA>         NA         NA           NA
GSM4557327_555_1.61_CTTACACCCACC_1   <NA>         NA         NA           NA
                                   percent.hb donor onset_of_symptoms
GSM4557327_555_1.16_TGTGGTTCCCTC_1         NA  <NA>              <NA>
GSM4557327_555_1.19_CATCTGGCTATC_1         NA  <NA>              <NA>
GSM4557327_555_1.32_GCCGGTTTATTG_1         NA  <NA>              <NA>
GSM4557327_555_1.33_TAACGCAAACCC_1         NA  <NA>              <NA>
GSM4557327_555_1.49_TACCCTAATAAA_1         NA  <NA>              <NA>
GSM4557327_555_1.61_CTTACACCCACC_1         NA  <NA>              <NA>
                                   days_after_onset sampleID origID
GSM4557327_555_1.16_TGTGGTTCCCTC_1               NA     <NA>   <NA>
GSM4557327_555_1.19_CATCTGGCTATC_1               NA     <NA>   <NA>
GSM4557327_555_1.32_GCCGGTTTATTG_1               NA     <NA>   <NA>
GSM4557327_555_1.33_TAACGCAAACCC_1               NA     <NA>   <NA>
GSM4557327_555_1.49_TACCCTAATAAA_1               NA     <NA>   <NA>
GSM4557327_555_1.61_CTTACACCCACC_1               NA     <NA>   <NA>
                                   date_of_sampling DaysAfterSample0 experiment
GSM4557327_555_1.16_TGTGGTTCCCTC_1             <NA>               NA       <NA>
GSM4557327_555_1.19_CATCTGGCTATC_1             <NA>               NA       <NA>
GSM4557327_555_1.32_GCCGGTTTATTG_1             <NA>               NA       <NA>
GSM4557327_555_1.33_TAACGCAAACCC_1             <NA>               NA       <NA>
GSM4557327_555_1.49_TACCCTAATAAA_1             <NA>               NA       <NA>
GSM4557327_555_1.61_CTTACACCCACC_1             <NA>               NA       <NA>
                                   PoolID sampletag hash.ID platform
GSM4557327_555_1.16_TGTGGTTCCCTC_1   <NA>      <NA>    <NA>     <NA>
GSM4557327_555_1.19_CATCTGGCTATC_1   <NA>      <NA>    <NA>     <NA>
GSM4557327_555_1.32_GCCGGTTTATTG_1   <NA>      <NA>    <NA>     <NA>
GSM4557327_555_1.33_TAACGCAAACCC_1   <NA>      <NA>    <NA>     <NA>
GSM4557327_555_1.49_TACCCTAATAAA_1   <NA>      <NA>    <NA>     <NA>
GSM4557327_555_1.61_CTTACACCCACC_1   <NA>      <NA>    <NA>     <NA>
                                   purification  age  sex group_per_sample
GSM4557327_555_1.16_TGTGGTTCCCTC_1         <NA> <NA> <NA>             <NA>
GSM4557327_555_1.19_CATCTGGCTATC_1         <NA> <NA> <NA>             <NA>
GSM4557327_555_1.32_GCCGGTTTATTG_1         <NA> <NA> <NA>             <NA>
GSM4557327_555_1.33_TAACGCAAACCC_1         <NA> <NA> <NA>             <NA>
GSM4557327_555_1.49_TACCCTAATAAA_1         <NA> <NA> <NA>             <NA>
GSM4557327_555_1.61_CTTACACCCACC_1         <NA> <NA> <NA>             <NA>
                                   who_per_sample disease_stage outcome
GSM4557327_555_1.16_TGTGGTTCCCTC_1             NA          <NA>    <NA>
GSM4557327_555_1.19_CATCTGGCTATC_1             NA          <NA>    <NA>
GSM4557327_555_1.32_GCCGGTTTATTG_1             NA          <NA>    <NA>
GSM4557327_555_1.33_TAACGCAAACCC_1             NA          <NA>    <NA>
GSM4557327_555_1.49_TACCCTAATAAA_1             NA          <NA>    <NA>
GSM4557327_555_1.61_CTTACACCCACC_1             NA          <NA>    <NA>
                                   comorbidities
GSM4557327_555_1.16_TGTGGTTCCCTC_1          <NA>
GSM4557327_555_1.19_CATCTGGCTATC_1          <NA>
GSM4557327_555_1.32_GCCGGTTTATTG_1          <NA>
GSM4557327_555_1.33_TAACGCAAACCC_1          <NA>
GSM4557327_555_1.49_TACCCTAATAAA_1          <NA>
GSM4557327_555_1.61_CTTACACCCACC_1          <NA>
                                   COVID.19.related_medication_and_anti.microbials
GSM4557327_555_1.16_TGTGGTTCCCTC_1                                            <NA>
GSM4557327_555_1.19_CATCTGGCTATC_1                                            <NA>
GSM4557327_555_1.32_GCCGGTTTATTG_1                                            <NA>
GSM4557327_555_1.33_TAACGCAAACCC_1                                            <NA>
GSM4557327_555_1.49_TACCCTAATAAA_1                                            <NA>
GSM4557327_555_1.61_CTTACACCCACC_1                                            <NA>
                                   RNA_snn_res.0.4 cluster_labels_res.0.4
GSM4557327_555_1.16_TGTGGTTCCCTC_1            <NA>                   <NA>
GSM4557327_555_1.19_CATCTGGCTATC_1            <NA>                   <NA>
GSM4557327_555_1.32_GCCGGTTTATTG_1            <NA>                   <NA>
GSM4557327_555_1.33_TAACGCAAACCC_1            <NA>                   <NA>
GSM4557327_555_1.49_TACCCTAATAAA_1            <NA>                   <NA>
GSM4557327_555_1.61_CTTACACCCACC_1            <NA>                   <NA>
                                   new.order id.celltype hpca.labels
GSM4557327_555_1.16_TGTGGTTCCCTC_1      <NA>        <NA>        <NA>
GSM4557327_555_1.19_CATCTGGCTATC_1      <NA>        <NA>        <NA>
GSM4557327_555_1.32_GCCGGTTTATTG_1      <NA>        <NA>        <NA>
GSM4557327_555_1.33_TAACGCAAACCC_1      <NA>        <NA>        <NA>
GSM4557327_555_1.49_TACCCTAATAAA_1      <NA>        <NA>        <NA>
GSM4557327_555_1.61_CTTACACCCACC_1      <NA>        <NA>        <NA>
                                   blueprint.labels monaco.labels immune.labels
GSM4557327_555_1.16_TGTGGTTCCCTC_1             <NA>          <NA>          <NA>
GSM4557327_555_1.19_CATCTGGCTATC_1             <NA>          <NA>          <NA>
GSM4557327_555_1.32_GCCGGTTTATTG_1             <NA>          <NA>          <NA>
GSM4557327_555_1.33_TAACGCAAACCC_1             <NA>          <NA>          <NA>
GSM4557327_555_1.49_TACCCTAATAAA_1             <NA>          <NA>          <NA>
GSM4557327_555_1.61_CTTACACCCACC_1             <NA>          <NA>          <NA>
                                   dmap.labels hemato.labels nCount_HTOsPool1
GSM4557327_555_1.16_TGTGGTTCCCTC_1        <NA>          <NA>               NA
GSM4557327_555_1.19_CATCTGGCTATC_1        <NA>          <NA>               NA
GSM4557327_555_1.32_GCCGGTTTATTG_1        <NA>          <NA>               NA
GSM4557327_555_1.33_TAACGCAAACCC_1        <NA>          <NA>               NA
GSM4557327_555_1.49_TACCCTAATAAA_1        <NA>          <NA>               NA
GSM4557327_555_1.61_CTTACACCCACC_1        <NA>          <NA>               NA
                                   nFeature_HTOsPool1 nCount_HTOsPool2
GSM4557327_555_1.16_TGTGGTTCCCTC_1                 NA               NA
GSM4557327_555_1.19_CATCTGGCTATC_1                 NA               NA
GSM4557327_555_1.32_GCCGGTTTATTG_1                 NA               NA
GSM4557327_555_1.33_TAACGCAAACCC_1                 NA               NA
GSM4557327_555_1.49_TACCCTAATAAA_1                 NA               NA
GSM4557327_555_1.61_CTTACACCCACC_1                 NA               NA
                                   nFeature_HTOsPool2 nCount_HTOsPool3
GSM4557327_555_1.16_TGTGGTTCCCTC_1                 NA               NA
GSM4557327_555_1.19_CATCTGGCTATC_1                 NA               NA
GSM4557327_555_1.32_GCCGGTTTATTG_1                 NA               NA
GSM4557327_555_1.33_TAACGCAAACCC_1                 NA               NA
GSM4557327_555_1.49_TACCCTAATAAA_1                 NA               NA
GSM4557327_555_1.61_CTTACACCCACC_1                 NA               NA
                                   nFeature_HTOsPool3 nCount_HTOsPool4
GSM4557327_555_1.16_TGTGGTTCCCTC_1                 NA               NA
GSM4557327_555_1.19_CATCTGGCTATC_1                 NA               NA
GSM4557327_555_1.32_GCCGGTTTATTG_1                 NA               NA
GSM4557327_555_1.33_TAACGCAAACCC_1                 NA               NA
GSM4557327_555_1.49_TACCCTAATAAA_1                 NA               NA
GSM4557327_555_1.61_CTTACACCCACC_1                 NA               NA
                                   nFeature_HTOsPool4 nCount_HTOsPool5
GSM4557327_555_1.16_TGTGGTTCCCTC_1                 NA               NA
GSM4557327_555_1.19_CATCTGGCTATC_1                 NA               NA
GSM4557327_555_1.32_GCCGGTTTATTG_1                 NA               NA
GSM4557327_555_1.33_TAACGCAAACCC_1                 NA               NA
GSM4557327_555_1.49_TACCCTAATAAA_1                 NA               NA
GSM4557327_555_1.61_CTTACACCCACC_1                 NA               NA
                                   nFeature_HTOsPool5 nCount_HTOsPool6
GSM4557327_555_1.16_TGTGGTTCCCTC_1                 NA               NA
GSM4557327_555_1.19_CATCTGGCTATC_1                 NA               NA
GSM4557327_555_1.32_GCCGGTTTATTG_1                 NA               NA
GSM4557327_555_1.33_TAACGCAAACCC_1                 NA               NA
GSM4557327_555_1.49_TACCCTAATAAA_1                 NA               NA
GSM4557327_555_1.61_CTTACACCCACC_1                 NA               NA
                                   nFeature_HTOsPool6 RNA_snn_res.1 Disease
GSM4557327_555_1.16_TGTGGTTCCCTC_1                 NA          <NA>    <NA>
GSM4557327_555_1.19_CATCTGGCTATC_1                 NA          <NA>    <NA>
GSM4557327_555_1.32_GCCGGTTTATTG_1                 NA          <NA>    <NA>
GSM4557327_555_1.33_TAACGCAAACCC_1                 NA          <NA>    <NA>
GSM4557327_555_1.49_TACCCTAATAAA_1                 NA          <NA>    <NA>
GSM4557327_555_1.61_CTTACACCCACC_1                 NA          <NA>    <NA>
                                   Disease_group  Sex  Age majortype batch
GSM4557327_555_1.16_TGTGGTTCCCTC_1          <NA> <NA> <NA>      <NA>  <NA>
GSM4557327_555_1.19_CATCTGGCTATC_1          <NA> <NA> <NA>      <NA>  <NA>
GSM4557327_555_1.32_GCCGGTTTATTG_1          <NA> <NA> <NA>      <NA>  <NA>
GSM4557327_555_1.33_TAACGCAAACCC_1          <NA> <NA> <NA>      <NA>  <NA>
GSM4557327_555_1.49_TACCCTAATAAA_1          <NA> <NA> <NA>      <NA>  <NA>
GSM4557327_555_1.61_CTTACACCCACC_1          <NA> <NA> <NA>      <NA>  <NA>
                                   tissue dsm_severity_score_group assay
GSM4557327_555_1.16_TGTGGTTCCCTC_1   <NA>                     <NA>  <NA>
GSM4557327_555_1.19_CATCTGGCTATC_1   <NA>                     <NA>  <NA>
GSM4557327_555_1.32_GCCGGTTTATTG_1   <NA>                     <NA>  <NA>
GSM4557327_555_1.33_TAACGCAAACCC_1   <NA>                     <NA>  <NA>
GSM4557327_555_1.49_TACCCTAATAAA_1   <NA>                     <NA>  <NA>
GSM4557327_555_1.61_CTTACACCCACC_1   <NA>                     <NA>  <NA>
                                   ethnicity disease disease_ontology_term_id
GSM4557327_555_1.16_TGTGGTTCCCTC_1      <NA>    <NA>                     <NA>
GSM4557327_555_1.19_CATCTGGCTATC_1      <NA>    <NA>                     <NA>
GSM4557327_555_1.32_GCCGGTTTATTG_1      <NA>    <NA>                     <NA>
GSM4557327_555_1.33_TAACGCAAACCC_1      <NA>    <NA>                     <NA>
GSM4557327_555_1.49_TACCCTAATAAA_1      <NA>    <NA>                     <NA>
GSM4557327_555_1.61_CTTACACCCACC_1      <NA>    <NA>                     <NA>
                                   assay_ontology_term_id severity
GSM4557327_555_1.16_TGTGGTTCCCTC_1                   <NA>     <NA>
GSM4557327_555_1.19_CATCTGGCTATC_1                   <NA>     <NA>
GSM4557327_555_1.32_GCCGGTTTATTG_1                   <NA>     <NA>
GSM4557327_555_1.33_TAACGCAAACCC_1                   <NA>     <NA>
GSM4557327_555_1.49_TACCCTAATAAA_1                   <NA>     <NA>
GSM4557327_555_1.61_CTTACACCCACC_1                   <NA>     <NA>
                                   tissue_ontology_term_id timepoint
GSM4557327_555_1.16_TGTGGTTCCCTC_1                    <NA>      <NA>
GSM4557327_555_1.19_CATCTGGCTATC_1                    <NA>      <NA>
GSM4557327_555_1.32_GCCGGTTTATTG_1                    <NA>      <NA>
GSM4557327_555_1.33_TAACGCAAACCC_1                    <NA>      <NA>
GSM4557327_555_1.49_TACCCTAATAAA_1                    <NA>      <NA>
GSM4557327_555_1.61_CTTACACCCACC_1                    <NA>      <NA>
                                   dsm_severity_score days_since_hospitalized
GSM4557327_555_1.16_TGTGGTTCCCTC_1               <NA>                    <NA>
GSM4557327_555_1.19_CATCTGGCTATC_1               <NA>                    <NA>
GSM4557327_555_1.32_GCCGGTTTATTG_1               <NA>                    <NA>
GSM4557327_555_1.33_TAACGCAAACCC_1               <NA>                    <NA>
GSM4557327_555_1.49_TACCCTAATAAA_1               <NA>                    <NA>
GSM4557327_555_1.61_CTTACACCCACC_1               <NA>                    <NA>
                                   development_stage_ontology_term_id
GSM4557327_555_1.16_TGTGGTTCCCTC_1                               <NA>
GSM4557327_555_1.19_CATCTGGCTATC_1                               <NA>
GSM4557327_555_1.32_GCCGGTTTATTG_1                               <NA>
GSM4557327_555_1.33_TAACGCAAACCC_1                               <NA>
GSM4557327_555_1.49_TACCCTAATAAA_1                               <NA>
GSM4557327_555_1.61_CTTACACCCACC_1                               <NA>
                                   ethnicity_ontology_term_id days_since_onset
GSM4557327_555_1.16_TGTGGTTCCCTC_1                       <NA>             <NA>
GSM4557327_555_1.19_CATCTGGCTATC_1                       <NA>             <NA>
GSM4557327_555_1.32_GCCGGTTTATTG_1                       <NA>             <NA>
GSM4557327_555_1.33_TAACGCAAACCC_1                       <NA>             <NA>
GSM4557327_555_1.49_TACCCTAATAAA_1                       <NA>             <NA>
GSM4557327_555_1.61_CTTACACCCACC_1                       <NA>             <NA>
                                   cell_type_ontology_term_id development_stage
GSM4557327_555_1.16_TGTGGTTCCCTC_1                       <NA>              <NA>
GSM4557327_555_1.19_CATCTGGCTATC_1                       <NA>              <NA>
GSM4557327_555_1.32_GCCGGTTTATTG_1                       <NA>              <NA>
GSM4557327_555_1.33_TAACGCAAACCC_1                       <NA>              <NA>
GSM4557327_555_1.49_TACCCTAATAAA_1                       <NA>              <NA>
GSM4557327_555_1.61_CTTACACCCACC_1                       <NA>              <NA>
                                   cell_type ever_admitted_to_icu material_type
GSM4557327_555_1.16_TGTGGTTCCCTC_1      <NA>                 <NA>          <NA>
GSM4557327_555_1.19_CATCTGGCTATC_1      <NA>                 <NA>          <NA>
GSM4557327_555_1.32_GCCGGTTTATTG_1      <NA>                 <NA>          <NA>
GSM4557327_555_1.33_TAACGCAAACCC_1      <NA>                 <NA>          <NA>
GSM4557327_555_1.49_TACCCTAATAAA_1      <NA>                 <NA>          <NA>
GSM4557327_555_1.61_CTTACACCCACC_1      <NA>                 <NA>          <NA>
                                   nCount_raw nFeature_raw sample_id n_genes
GSM4557327_555_1.16_TGTGGTTCCCTC_1         NA           NA      <NA>      NA
GSM4557327_555_1.19_CATCTGGCTATC_1         NA           NA      <NA>      NA
GSM4557327_555_1.32_GCCGGTTTATTG_1         NA           NA      <NA>      NA
GSM4557327_555_1.33_TAACGCAAACCC_1         NA           NA      <NA>      NA
GSM4557327_555_1.49_TACCCTAATAAA_1         NA           NA      <NA>      NA
GSM4557327_555_1.61_CTTACACCCACC_1         NA           NA      <NA>      NA
                                   n_genes_by_counts total_counts
GSM4557327_555_1.16_TGTGGTTCCCTC_1                NA           NA
GSM4557327_555_1.19_CATCTGGCTATC_1                NA           NA
GSM4557327_555_1.32_GCCGGTTTATTG_1                NA           NA
GSM4557327_555_1.33_TAACGCAAACCC_1                NA           NA
GSM4557327_555_1.49_TACCCTAATAAA_1                NA           NA
GSM4557327_555_1.61_CTTACACCCACC_1                NA           NA
                                   total_counts_mt pct_counts_mt
GSM4557327_555_1.16_TGTGGTTCCCTC_1              NA            NA
GSM4557327_555_1.19_CATCTGGCTATC_1              NA            NA
GSM4557327_555_1.32_GCCGGTTTATTG_1              NA            NA
GSM4557327_555_1.33_TAACGCAAACCC_1              NA            NA
GSM4557327_555_1.49_TACCCTAATAAA_1              NA            NA
GSM4557327_555_1.61_CTTACACCCACC_1              NA            NA
                                   full_clustering initial_clustering Resample
GSM4557327_555_1.16_TGTGGTTCCCTC_1            <NA>               <NA>     <NA>
GSM4557327_555_1.19_CATCTGGCTATC_1            <NA>               <NA>     <NA>
GSM4557327_555_1.32_GCCGGTTTATTG_1            <NA>               <NA>     <NA>
GSM4557327_555_1.33_TAACGCAAACCC_1            <NA>               <NA>     <NA>
GSM4557327_555_1.49_TACCCTAATAAA_1            <NA>               <NA>     <NA>
GSM4557327_555_1.61_CTTACACCCACC_1            <NA>               <NA>     <NA>
                                   Collection_Day Age_interval Swab_result
GSM4557327_555_1.16_TGTGGTTCCCTC_1           <NA>         <NA>        <NA>
GSM4557327_555_1.19_CATCTGGCTATC_1           <NA>         <NA>        <NA>
GSM4557327_555_1.32_GCCGGTTTATTG_1           <NA>         <NA>        <NA>
GSM4557327_555_1.33_TAACGCAAACCC_1           <NA>         <NA>        <NA>
GSM4557327_555_1.49_TACCCTAATAAA_1           <NA>         <NA>        <NA>
GSM4557327_555_1.61_CTTACACCCACC_1           <NA>         <NA>        <NA>
                                   Smoker Status_on_day_collection
GSM4557327_555_1.16_TGTGGTTCCCTC_1   <NA>                     <NA>
GSM4557327_555_1.19_CATCTGGCTATC_1   <NA>                     <NA>
GSM4557327_555_1.32_GCCGGTTTATTG_1   <NA>                     <NA>
GSM4557327_555_1.33_TAACGCAAACCC_1   <NA>                     <NA>
GSM4557327_555_1.49_TACCCTAATAAA_1   <NA>                     <NA>
GSM4557327_555_1.61_CTTACACCCACC_1   <NA>                     <NA>
                                   Status_on_day_collection_summary
GSM4557327_555_1.16_TGTGGTTCCCTC_1                             <NA>
GSM4557327_555_1.19_CATCTGGCTATC_1                             <NA>
GSM4557327_555_1.32_GCCGGTTTATTG_1                             <NA>
GSM4557327_555_1.33_TAACGCAAACCC_1                             <NA>
GSM4557327_555_1.49_TACCCTAATAAA_1                             <NA>
GSM4557327_555_1.61_CTTACACCCACC_1                             <NA>
                                   Days_from_onset Site time_after_LPS
GSM4557327_555_1.16_TGTGGTTCCCTC_1            <NA> <NA>           <NA>
GSM4557327_555_1.19_CATCTGGCTATC_1            <NA> <NA>           <NA>
GSM4557327_555_1.32_GCCGGTTTATTG_1            <NA> <NA>           <NA>
GSM4557327_555_1.33_TAACGCAAACCC_1            <NA> <NA>           <NA>
GSM4557327_555_1.49_TACCCTAATAAA_1            <NA> <NA>           <NA>
GSM4557327_555_1.61_CTTACACCCACC_1            <NA> <NA>           <NA>
                                   Worst_Clinical_Status Outcome patient_id
GSM4557327_555_1.16_TGTGGTTCCCTC_1                  <NA>    <NA>       <NA>
GSM4557327_555_1.19_CATCTGGCTATC_1                  <NA>    <NA>       <NA>
GSM4557327_555_1.32_GCCGGTTTATTG_1                  <NA>    <NA>       <NA>
GSM4557327_555_1.33_TAACGCAAACCC_1                  <NA>    <NA>       <NA>
GSM4557327_555_1.49_TACCCTAATAAA_1                  <NA>    <NA>       <NA>
GSM4557327_555_1.61_CTTACACCCACC_1                  <NA>    <NA>       <NA>
                                   Patient cell_types Timepoint Pseudotime_name
GSM4557327_555_1.16_TGTGGTTCCCTC_1    <NA>       <NA>      <NA>            <NA>
GSM4557327_555_1.19_CATCTGGCTATC_1    <NA>       <NA>      <NA>            <NA>
GSM4557327_555_1.32_GCCGGTTTATTG_1    <NA>       <NA>      <NA>            <NA>
GSM4557327_555_1.33_TAACGCAAACCC_1    <NA>       <NA>      <NA>            <NA>
GSM4557327_555_1.49_TACCCTAATAAA_1    <NA>       <NA>      <NA>            <NA>
GSM4557327_555_1.61_CTTACACCCACC_1    <NA>       <NA>      <NA>            <NA>
                                   Pseudotime cell_of_interes class V323 V330
GSM4557327_555_1.16_TGTGGTTCCCTC_1       <NA>            <NA>  <NA> <NA> <NA>
GSM4557327_555_1.19_CATCTGGCTATC_1       <NA>            <NA>  <NA> <NA> <NA>
GSM4557327_555_1.32_GCCGGTTTATTG_1       <NA>            <NA>  <NA> <NA> <NA>
GSM4557327_555_1.33_TAACGCAAACCC_1       <NA>            <NA>  <NA> <NA> <NA>
GSM4557327_555_1.49_TACCCTAATAAA_1       <NA>            <NA>  <NA> <NA> <NA>
GSM4557327_555_1.61_CTTACACCCACC_1       <NA>            <NA>  <NA> <NA> <NA>
                                   RNA_snn_res.0.2 cell_types2 Celltype
GSM4557327_555_1.16_TGTGGTTCCCTC_1            <NA>        <NA>     <NA>
GSM4557327_555_1.19_CATCTGGCTATC_1            <NA>        <NA>     <NA>
GSM4557327_555_1.32_GCCGGTTTATTG_1            <NA>        <NA>     <NA>
GSM4557327_555_1.33_TAACGCAAACCC_1            <NA>        <NA>     <NA>
GSM4557327_555_1.49_TACCCTAATAAA_1            <NA>        <NA>     <NA>
GSM4557327_555_1.61_CTTACACCCACC_1            <NA>        <NA>     <NA>
                                   RNA_snn_res.0.1 nCount_integrated
GSM4557327_555_1.16_TGTGGTTCCCTC_1            <NA>                NA
GSM4557327_555_1.19_CATCTGGCTATC_1            <NA>                NA
GSM4557327_555_1.32_GCCGGTTTATTG_1            <NA>                NA
GSM4557327_555_1.33_TAACGCAAACCC_1            <NA>                NA
GSM4557327_555_1.49_TACCCTAATAAA_1            <NA>                NA
GSM4557327_555_1.61_CTTACACCCACC_1            <NA>                NA
                                   nFeature_integrated Gender ICU_vs_FLOOR
GSM4557327_555_1.16_TGTGGTTCCCTC_1                  NA   <NA>         <NA>
GSM4557327_555_1.19_CATCTGGCTATC_1                  NA   <NA>         <NA>
GSM4557327_555_1.32_GCCGGTTTATTG_1                  NA   <NA>         <NA>
GSM4557327_555_1.33_TAACGCAAACCC_1                  NA   <NA>         <NA>
GSM4557327_555_1.49_TACCCTAATAAA_1                  NA   <NA>         <NA>
GSM4557327_555_1.61_CTTACACCCACC_1                  NA   <NA>         <NA>
                                   Qualitative_score covid_status S.Score
GSM4557327_555_1.16_TGTGGTTCCCTC_1              <NA>         <NA>      NA
GSM4557327_555_1.19_CATCTGGCTATC_1              <NA>         <NA>      NA
GSM4557327_555_1.32_GCCGGTTTATTG_1              <NA>         <NA>      NA
GSM4557327_555_1.33_TAACGCAAACCC_1              <NA>         <NA>      NA
GSM4557327_555_1.49_TACCCTAATAAA_1              <NA>         <NA>      NA
GSM4557327_555_1.61_CTTACACCCACC_1              <NA>         <NA>      NA
                                   G2M.Score Phase integrated_snn_res.1.2
GSM4557327_555_1.16_TGTGGTTCCCTC_1        NA  <NA>                   <NA>
GSM4557327_555_1.19_CATCTGGCTATC_1        NA  <NA>                   <NA>
GSM4557327_555_1.32_GCCGGTTTATTG_1        NA  <NA>                   <NA>
GSM4557327_555_1.33_TAACGCAAACCC_1        NA  <NA>                   <NA>
GSM4557327_555_1.49_TACCCTAATAAA_1        NA  <NA>                   <NA>
GSM4557327_555_1.61_CTTACACCCACC_1        NA  <NA>                   <NA>
                                   condition sample_type time
GSM4557327_555_1.16_TGTGGTTCCCTC_1      <NA>        <NA> <NA>
GSM4557327_555_1.19_CATCTGGCTATC_1      <NA>        <NA> <NA>
GSM4557327_555_1.32_GCCGGTTTATTG_1      <NA>        <NA> <NA>
GSM4557327_555_1.33_TAACGCAAACCC_1      <NA>        <NA> <NA>
GSM4557327_555_1.49_TACCCTAATAAA_1      <NA>        <NA> <NA>
GSM4557327_555_1.61_CTTACACCCACC_1      <NA>        <NA> <NA>
[1] 528859     18
Error in asMethod(object) : 
  Cholmod error 'problem too large' at file ../Core/cholmod_dense.c, line 102
Calls: t ... as.data.frame -> as.matrix -> as.matrix -> as -> asMethod
Execution halted
