Unloading R/4.0.1
  Unloading useless requirement: java/8u45 libiconv/1.16 hdf5/1.10.1 gdal/2.1.3
    geos/3.7.1 java/8 netcdf/4.4.1.1 pandoc/2.9.2.1 texlive/2017 ggobi/2.1.11
    workspace/scratch
Loading R/4.1.0_gcc-8.3.0
  Loading requirement: workspace/scratch GCCcore/8.3.0
    binutils/2.35.1-GCCcore-8.3.0 GCC/8.3.0 gdal/3.2.2_gcc-8.3.0
    geos/3.9.1_gcc-8.3.0 texlive/2017 pandoc/2.9.2.1 java/16.0.1
Registered S3 method overwritten by 'spatstat.geom':
  method     from
  print.boxx cli 
Attaching SeuratObject
Warning messages:
1: replacing previous import ‘lifecycle::last_warnings’ by ‘rlang::last_warnings’ when loading ‘tibble’ 
2: replacing previous import ‘lifecycle::last_warnings’ by ‘rlang::last_warnings’ when loading ‘pillar’ 

Attaching package: ‘dplyr’

The following objects are masked from ‘package:stats’:

    filter, lag

The following objects are masked from ‘package:base’:

    intersect, setdiff, setequal, union


Attaching package: ‘ggpubr’

The following object is masked from ‘package:cowplot’:

    get_legend

Warning message:
replacing previous import ‘lifecycle::last_warnings’ by ‘rlang::last_warnings’ when loading ‘hms’ 

Attaching package: ‘rstatix’

The following object is masked from ‘package:stats’:

    filter

Registered S3 method overwritten by 'gamlss':
  method   from
  print.ri bit 
There were 21 warnings (use warnings() to see them)
                                                            Cell_ID
GSM4557327_555_1.19_CATCTGGCTATC_1 GSM4557327_555_1.19_CATCTGGCTATC
GSM4557327_555_1.33_TAACGCAAACCC_1 GSM4557327_555_1.33_TAACGCAAACCC
GSM4557327_555_1.49_TACCCTAATAAA_1 GSM4557327_555_1.49_TACCCTAATAAA
GSM4557327_555_1.62_AGACCCTTCATT_1 GSM4557327_555_1.62_AGACCCTTCATT
GSM4557327_555_1.65_TTCTCTGTCTGG_1 GSM4557327_555_1.65_TTCTCTGTCTGG
GSM4557327_555_1.67_TTCAATGTGGTA_1 GSM4557327_555_1.67_TTCAATGTGGTA
                                         orig.ident nCount_RNA nFeature_RNA
GSM4557327_555_1.19_CATCTGGCTATC_1 GSM4557327_555_1       1145          425
GSM4557327_555_1.33_TAACGCAAACCC_1 GSM4557327_555_1       2485          468
GSM4557327_555_1.49_TACCCTAATAAA_1 GSM4557327_555_1       1050          466
GSM4557327_555_1.62_AGACCCTTCATT_1 GSM4557327_555_1       1024          488
GSM4557327_555_1.65_TTCTCTGTCTGG_1 GSM4557327_555_1       1282          495
GSM4557327_555_1.67_TTCAATGTGGTA_1 GSM4557327_555_1       1021          501
                                   percent.mt percent.rps percent.rpl
GSM4557327_555_1.19_CATCTGGCTATC_1   3.225806   1.3077594   1.3949433
GSM4557327_555_1.33_TAACGCAAACCC_1  13.689281   0.5620233   0.8028904
GSM4557327_555_1.49_TACCCTAATAAA_1   6.654171   1.4995314   1.9681350
GSM4557327_555_1.62_AGACCCTTCATT_1   3.581801   1.5488867   1.7424976
GSM4557327_555_1.65_TTCTCTGTCTGG_1  13.110939   1.5515904   1.3964313
GSM4557327_555_1.67_TTCAATGTGGTA_1   6.926829   0.8780488   1.1707317
                                   percent.rrna nCount_SCT nFeature_SCT
GSM4557327_555_1.19_CATCTGGCTATC_1     29.55536       1408          425
GSM4557327_555_1.33_TAACGCAAACCC_1     59.45403       1829          457
GSM4557327_555_1.49_TACCCTAATAAA_1     35.70759       1402          466
GSM4557327_555_1.62_AGACCCTTCATT_1     35.52759       1361          487
GSM4557327_555_1.65_TTCTCTGTCTGG_1     38.47944       1472          495
GSM4557327_555_1.67_TTCAATGTGGTA_1     32.97561       1362          501
                                   SCT_snn_res.1 seurat_clusters Donor.orig
GSM4557327_555_1.19_CATCTGGCTATC_1            15              15        555
GSM4557327_555_1.33_TAACGCAAACCC_1             3               3        555
GSM4557327_555_1.49_TACCCTAATAAA_1             0               0        555
GSM4557327_555_1.62_AGACCCTTCATT_1             0               0        555
GSM4557327_555_1.65_TTCTCTGTCTGG_1            12              12        555
GSM4557327_555_1.67_TTCAATGTGGTA_1            19              19        555
                                   Donor.full Donor Status DPS DTF Admission
GSM4557327_555_1.19_CATCTGGCTATC_1       C1 A    C1  COVID   9   9       ICU
GSM4557327_555_1.33_TAACGCAAACCC_1       C1 A    C1  COVID   9   9       ICU
GSM4557327_555_1.49_TACCCTAATAAA_1       C1 A    C1  COVID   9   9       ICU
GSM4557327_555_1.62_AGACCCTTCATT_1       C1 A    C1  COVID   9   9       ICU
GSM4557327_555_1.65_TTCTCTGTCTGG_1       C1 A    C1  COVID   9   9       ICU
GSM4557327_555_1.67_TTCAATGTGGTA_1       C1 A    C1  COVID   9   9       ICU
                                   Ventilated clinical.outcome pruned.labels
GSM4557327_555_1.19_CATCTGGCTATC_1    NonVent       Discharged            BM
GSM4557327_555_1.33_TAACGCAAACCC_1    NonVent       Discharged    HSC_-G-CSF
GSM4557327_555_1.49_TACCCTAATAAA_1    NonVent       Discharged    HSC_-G-CSF
GSM4557327_555_1.62_AGACCCTTCATT_1    NonVent       Discharged    HSC_-G-CSF
GSM4557327_555_1.65_TTCTCTGTCTGG_1    NonVent       Discharged    HSC_-G-CSF
GSM4557327_555_1.67_TTCAATGTGGTA_1    NonVent       Discharged    HSC_-G-CSF
                                   predicted.celltype.l1.score
GSM4557327_555_1.19_CATCTGGCTATC_1                   0.9896699
GSM4557327_555_1.33_TAACGCAAACCC_1                   0.4731185
GSM4557327_555_1.49_TACCCTAATAAA_1                   0.8381181
GSM4557327_555_1.62_AGACCCTTCATT_1                   0.5673249
GSM4557327_555_1.65_TTCTCTGTCTGG_1                   0.9082135
GSM4557327_555_1.67_TTCAATGTGGTA_1                   0.5108598
                                   predicted.celltype.l1
GSM4557327_555_1.19_CATCTGGCTATC_1                 other
GSM4557327_555_1.33_TAACGCAAACCC_1                  Mono
GSM4557327_555_1.49_TACCCTAATAAA_1                  Mono
GSM4557327_555_1.62_AGACCCTTCATT_1                  Mono
GSM4557327_555_1.65_TTCTCTGTCTGG_1                  Mono
GSM4557327_555_1.67_TTCAATGTGGTA_1                  Mono
                                   predicted.celltype.l2.score
GSM4557327_555_1.19_CATCTGGCTATC_1                   0.9618464
GSM4557327_555_1.33_TAACGCAAACCC_1                   0.4722181
GSM4557327_555_1.49_TACCCTAATAAA_1                   0.8371866
GSM4557327_555_1.62_AGACCCTTCATT_1                   0.5673249
GSM4557327_555_1.65_TTCTCTGTCTGG_1                   0.9082135
GSM4557327_555_1.67_TTCAATGTGGTA_1                   0.3426562
                                   predicted.celltype.l2   celltype seq_folder
GSM4557327_555_1.19_CATCTGGCTATC_1                 Eryth         BM       <NA>
GSM4557327_555_1.33_TAACGCAAACCC_1             CD14 Mono HSC_-G-CSF       <NA>
GSM4557327_555_1.49_TACCCTAATAAA_1             CD14 Mono HSC_-G-CSF       <NA>
GSM4557327_555_1.62_AGACCCTTCATT_1             CD14 Mono HSC_-G-CSF       <NA>
GSM4557327_555_1.65_TTCTCTGTCTGG_1             CD14 Mono HSC_-G-CSF       <NA>
GSM4557327_555_1.67_TTCAATGTGGTA_1               Doublet HSC_-G-CSF       <NA>
                                   nUMI nGene log10GenesPerUMI mitoRatio cells
GSM4557327_555_1.19_CATCTGGCTATC_1   NA    NA               NA        NA  <NA>
GSM4557327_555_1.33_TAACGCAAACCC_1   NA    NA               NA        NA  <NA>
GSM4557327_555_1.49_TACCCTAATAAA_1   NA    NA               NA        NA  <NA>
GSM4557327_555_1.62_AGACCCTTCATT_1   NA    NA               NA        NA  <NA>
GSM4557327_555_1.65_TTCTCTGTCTGG_1   NA    NA               NA        NA  <NA>
GSM4557327_555_1.67_TTCAATGTGGTA_1   NA    NA               NA        NA  <NA>
                                   sample nReads_RNA nReads_ALL percent.mito
GSM4557327_555_1.19_CATCTGGCTATC_1   <NA>         NA         NA           NA
GSM4557327_555_1.33_TAACGCAAACCC_1   <NA>         NA         NA           NA
GSM4557327_555_1.49_TACCCTAATAAA_1   <NA>         NA         NA           NA
GSM4557327_555_1.62_AGACCCTTCATT_1   <NA>         NA         NA           NA
GSM4557327_555_1.65_TTCTCTGTCTGG_1   <NA>         NA         NA           NA
GSM4557327_555_1.67_TTCAATGTGGTA_1   <NA>         NA         NA           NA
                                   percent.hb donor onset_of_symptoms
GSM4557327_555_1.19_CATCTGGCTATC_1         NA  <NA>              <NA>
GSM4557327_555_1.33_TAACGCAAACCC_1         NA  <NA>              <NA>
GSM4557327_555_1.49_TACCCTAATAAA_1         NA  <NA>              <NA>
GSM4557327_555_1.62_AGACCCTTCATT_1         NA  <NA>              <NA>
GSM4557327_555_1.65_TTCTCTGTCTGG_1         NA  <NA>              <NA>
GSM4557327_555_1.67_TTCAATGTGGTA_1         NA  <NA>              <NA>
                                   days_after_onset sampleID origID
GSM4557327_555_1.19_CATCTGGCTATC_1               NA     <NA>   <NA>
GSM4557327_555_1.33_TAACGCAAACCC_1               NA     <NA>   <NA>
GSM4557327_555_1.49_TACCCTAATAAA_1               NA     <NA>   <NA>
GSM4557327_555_1.62_AGACCCTTCATT_1               NA     <NA>   <NA>
GSM4557327_555_1.65_TTCTCTGTCTGG_1               NA     <NA>   <NA>
GSM4557327_555_1.67_TTCAATGTGGTA_1               NA     <NA>   <NA>
                                   date_of_sampling DaysAfterSample0 experiment
GSM4557327_555_1.19_CATCTGGCTATC_1             <NA>               NA       <NA>
GSM4557327_555_1.33_TAACGCAAACCC_1             <NA>               NA       <NA>
GSM4557327_555_1.49_TACCCTAATAAA_1             <NA>               NA       <NA>
GSM4557327_555_1.62_AGACCCTTCATT_1             <NA>               NA       <NA>
GSM4557327_555_1.65_TTCTCTGTCTGG_1             <NA>               NA       <NA>
GSM4557327_555_1.67_TTCAATGTGGTA_1             <NA>               NA       <NA>
                                   PoolID sampletag hash.ID platform
GSM4557327_555_1.19_CATCTGGCTATC_1   <NA>      <NA>    <NA>     <NA>
GSM4557327_555_1.33_TAACGCAAACCC_1   <NA>      <NA>    <NA>     <NA>
GSM4557327_555_1.49_TACCCTAATAAA_1   <NA>      <NA>    <NA>     <NA>
GSM4557327_555_1.62_AGACCCTTCATT_1   <NA>      <NA>    <NA>     <NA>
GSM4557327_555_1.65_TTCTCTGTCTGG_1   <NA>      <NA>    <NA>     <NA>
GSM4557327_555_1.67_TTCAATGTGGTA_1   <NA>      <NA>    <NA>     <NA>
                                   purification  age  sex group_per_sample
GSM4557327_555_1.19_CATCTGGCTATC_1         <NA> <NA> <NA>             <NA>
GSM4557327_555_1.33_TAACGCAAACCC_1         <NA> <NA> <NA>             <NA>
GSM4557327_555_1.49_TACCCTAATAAA_1         <NA> <NA> <NA>             <NA>
GSM4557327_555_1.62_AGACCCTTCATT_1         <NA> <NA> <NA>             <NA>
GSM4557327_555_1.65_TTCTCTGTCTGG_1         <NA> <NA> <NA>             <NA>
GSM4557327_555_1.67_TTCAATGTGGTA_1         <NA> <NA> <NA>             <NA>
                                   who_per_sample disease_stage outcome
GSM4557327_555_1.19_CATCTGGCTATC_1             NA          <NA>    <NA>
GSM4557327_555_1.33_TAACGCAAACCC_1             NA          <NA>    <NA>
GSM4557327_555_1.49_TACCCTAATAAA_1             NA          <NA>    <NA>
GSM4557327_555_1.62_AGACCCTTCATT_1             NA          <NA>    <NA>
GSM4557327_555_1.65_TTCTCTGTCTGG_1             NA          <NA>    <NA>
GSM4557327_555_1.67_TTCAATGTGGTA_1             NA          <NA>    <NA>
                                   comorbidities
GSM4557327_555_1.19_CATCTGGCTATC_1          <NA>
GSM4557327_555_1.33_TAACGCAAACCC_1          <NA>
GSM4557327_555_1.49_TACCCTAATAAA_1          <NA>
GSM4557327_555_1.62_AGACCCTTCATT_1          <NA>
GSM4557327_555_1.65_TTCTCTGTCTGG_1          <NA>
GSM4557327_555_1.67_TTCAATGTGGTA_1          <NA>
                                   COVID.19.related_medication_and_anti.microbials
GSM4557327_555_1.19_CATCTGGCTATC_1                                            <NA>
GSM4557327_555_1.33_TAACGCAAACCC_1                                            <NA>
GSM4557327_555_1.49_TACCCTAATAAA_1                                            <NA>
GSM4557327_555_1.62_AGACCCTTCATT_1                                            <NA>
GSM4557327_555_1.65_TTCTCTGTCTGG_1                                            <NA>
GSM4557327_555_1.67_TTCAATGTGGTA_1                                            <NA>
                                   RNA_snn_res.0.4 cluster_labels_res.0.4
GSM4557327_555_1.19_CATCTGGCTATC_1            <NA>                   <NA>
GSM4557327_555_1.33_TAACGCAAACCC_1            <NA>                   <NA>
GSM4557327_555_1.49_TACCCTAATAAA_1            <NA>                   <NA>
GSM4557327_555_1.62_AGACCCTTCATT_1            <NA>                   <NA>
GSM4557327_555_1.65_TTCTCTGTCTGG_1            <NA>                   <NA>
GSM4557327_555_1.67_TTCAATGTGGTA_1            <NA>                   <NA>
                                   new.order id.celltype hpca.labels
GSM4557327_555_1.19_CATCTGGCTATC_1      <NA>        <NA>        <NA>
GSM4557327_555_1.33_TAACGCAAACCC_1      <NA>        <NA>        <NA>
GSM4557327_555_1.49_TACCCTAATAAA_1      <NA>        <NA>        <NA>
GSM4557327_555_1.62_AGACCCTTCATT_1      <NA>        <NA>        <NA>
GSM4557327_555_1.65_TTCTCTGTCTGG_1      <NA>        <NA>        <NA>
GSM4557327_555_1.67_TTCAATGTGGTA_1      <NA>        <NA>        <NA>
                                   blueprint.labels monaco.labels immune.labels
GSM4557327_555_1.19_CATCTGGCTATC_1             <NA>          <NA>          <NA>
GSM4557327_555_1.33_TAACGCAAACCC_1             <NA>          <NA>          <NA>
GSM4557327_555_1.49_TACCCTAATAAA_1             <NA>          <NA>          <NA>
GSM4557327_555_1.62_AGACCCTTCATT_1             <NA>          <NA>          <NA>
GSM4557327_555_1.65_TTCTCTGTCTGG_1             <NA>          <NA>          <NA>
GSM4557327_555_1.67_TTCAATGTGGTA_1             <NA>          <NA>          <NA>
                                   dmap.labels hemato.labels nCount_HTOsPool1
GSM4557327_555_1.19_CATCTGGCTATC_1        <NA>          <NA>               NA
GSM4557327_555_1.33_TAACGCAAACCC_1        <NA>          <NA>               NA
GSM4557327_555_1.49_TACCCTAATAAA_1        <NA>          <NA>               NA
GSM4557327_555_1.62_AGACCCTTCATT_1        <NA>          <NA>               NA
GSM4557327_555_1.65_TTCTCTGTCTGG_1        <NA>          <NA>               NA
GSM4557327_555_1.67_TTCAATGTGGTA_1        <NA>          <NA>               NA
                                   nFeature_HTOsPool1 nCount_HTOsPool2
GSM4557327_555_1.19_CATCTGGCTATC_1                 NA               NA
GSM4557327_555_1.33_TAACGCAAACCC_1                 NA               NA
GSM4557327_555_1.49_TACCCTAATAAA_1                 NA               NA
GSM4557327_555_1.62_AGACCCTTCATT_1                 NA               NA
GSM4557327_555_1.65_TTCTCTGTCTGG_1                 NA               NA
GSM4557327_555_1.67_TTCAATGTGGTA_1                 NA               NA
                                   nFeature_HTOsPool2 nCount_HTOsPool3
GSM4557327_555_1.19_CATCTGGCTATC_1                 NA               NA
GSM4557327_555_1.33_TAACGCAAACCC_1                 NA               NA
GSM4557327_555_1.49_TACCCTAATAAA_1                 NA               NA
GSM4557327_555_1.62_AGACCCTTCATT_1                 NA               NA
GSM4557327_555_1.65_TTCTCTGTCTGG_1                 NA               NA
GSM4557327_555_1.67_TTCAATGTGGTA_1                 NA               NA
                                   nFeature_HTOsPool3 nCount_HTOsPool4
GSM4557327_555_1.19_CATCTGGCTATC_1                 NA               NA
GSM4557327_555_1.33_TAACGCAAACCC_1                 NA               NA
GSM4557327_555_1.49_TACCCTAATAAA_1                 NA               NA
GSM4557327_555_1.62_AGACCCTTCATT_1                 NA               NA
GSM4557327_555_1.65_TTCTCTGTCTGG_1                 NA               NA
GSM4557327_555_1.67_TTCAATGTGGTA_1                 NA               NA
                                   nFeature_HTOsPool4 nCount_HTOsPool5
GSM4557327_555_1.19_CATCTGGCTATC_1                 NA               NA
GSM4557327_555_1.33_TAACGCAAACCC_1                 NA               NA
GSM4557327_555_1.49_TACCCTAATAAA_1                 NA               NA
GSM4557327_555_1.62_AGACCCTTCATT_1                 NA               NA
GSM4557327_555_1.65_TTCTCTGTCTGG_1                 NA               NA
GSM4557327_555_1.67_TTCAATGTGGTA_1                 NA               NA
                                   nFeature_HTOsPool5 nCount_HTOsPool6
GSM4557327_555_1.19_CATCTGGCTATC_1                 NA               NA
GSM4557327_555_1.33_TAACGCAAACCC_1                 NA               NA
GSM4557327_555_1.49_TACCCTAATAAA_1                 NA               NA
GSM4557327_555_1.62_AGACCCTTCATT_1                 NA               NA
GSM4557327_555_1.65_TTCTCTGTCTGG_1                 NA               NA
GSM4557327_555_1.67_TTCAATGTGGTA_1                 NA               NA
                                   nFeature_HTOsPool6 RNA_snn_res.1 Disease
GSM4557327_555_1.19_CATCTGGCTATC_1                 NA          <NA>    <NA>
GSM4557327_555_1.33_TAACGCAAACCC_1                 NA          <NA>    <NA>
GSM4557327_555_1.49_TACCCTAATAAA_1                 NA          <NA>    <NA>
GSM4557327_555_1.62_AGACCCTTCATT_1                 NA          <NA>    <NA>
GSM4557327_555_1.65_TTCTCTGTCTGG_1                 NA          <NA>    <NA>
GSM4557327_555_1.67_TTCAATGTGGTA_1                 NA          <NA>    <NA>
                                   Disease_group  Sex  Age majortype batch
GSM4557327_555_1.19_CATCTGGCTATC_1          <NA> <NA> <NA>      <NA>  <NA>
GSM4557327_555_1.33_TAACGCAAACCC_1          <NA> <NA> <NA>      <NA>  <NA>
GSM4557327_555_1.49_TACCCTAATAAA_1          <NA> <NA> <NA>      <NA>  <NA>
GSM4557327_555_1.62_AGACCCTTCATT_1          <NA> <NA> <NA>      <NA>  <NA>
GSM4557327_555_1.65_TTCTCTGTCTGG_1          <NA> <NA> <NA>      <NA>  <NA>
GSM4557327_555_1.67_TTCAATGTGGTA_1          <NA> <NA> <NA>      <NA>  <NA>
                                   tissue dsm_severity_score_group assay
GSM4557327_555_1.19_CATCTGGCTATC_1   <NA>                     <NA>  <NA>
GSM4557327_555_1.33_TAACGCAAACCC_1   <NA>                     <NA>  <NA>
GSM4557327_555_1.49_TACCCTAATAAA_1   <NA>                     <NA>  <NA>
GSM4557327_555_1.62_AGACCCTTCATT_1   <NA>                     <NA>  <NA>
GSM4557327_555_1.65_TTCTCTGTCTGG_1   <NA>                     <NA>  <NA>
GSM4557327_555_1.67_TTCAATGTGGTA_1   <NA>                     <NA>  <NA>
                                   ethnicity disease disease_ontology_term_id
GSM4557327_555_1.19_CATCTGGCTATC_1      <NA>    <NA>                     <NA>
GSM4557327_555_1.33_TAACGCAAACCC_1      <NA>    <NA>                     <NA>
GSM4557327_555_1.49_TACCCTAATAAA_1      <NA>    <NA>                     <NA>
GSM4557327_555_1.62_AGACCCTTCATT_1      <NA>    <NA>                     <NA>
GSM4557327_555_1.65_TTCTCTGTCTGG_1      <NA>    <NA>                     <NA>
GSM4557327_555_1.67_TTCAATGTGGTA_1      <NA>    <NA>                     <NA>
                                   assay_ontology_term_id severity
GSM4557327_555_1.19_CATCTGGCTATC_1                   <NA>     <NA>
GSM4557327_555_1.33_TAACGCAAACCC_1                   <NA>     <NA>
GSM4557327_555_1.49_TACCCTAATAAA_1                   <NA>     <NA>
GSM4557327_555_1.62_AGACCCTTCATT_1                   <NA>     <NA>
GSM4557327_555_1.65_TTCTCTGTCTGG_1                   <NA>     <NA>
GSM4557327_555_1.67_TTCAATGTGGTA_1                   <NA>     <NA>
                                   tissue_ontology_term_id timepoint
GSM4557327_555_1.19_CATCTGGCTATC_1                    <NA>      <NA>
GSM4557327_555_1.33_TAACGCAAACCC_1                    <NA>      <NA>
GSM4557327_555_1.49_TACCCTAATAAA_1                    <NA>      <NA>
GSM4557327_555_1.62_AGACCCTTCATT_1                    <NA>      <NA>
GSM4557327_555_1.65_TTCTCTGTCTGG_1                    <NA>      <NA>
GSM4557327_555_1.67_TTCAATGTGGTA_1                    <NA>      <NA>
                                   dsm_severity_score days_since_hospitalized
GSM4557327_555_1.19_CATCTGGCTATC_1               <NA>                    <NA>
GSM4557327_555_1.33_TAACGCAAACCC_1               <NA>                    <NA>
GSM4557327_555_1.49_TACCCTAATAAA_1               <NA>                    <NA>
GSM4557327_555_1.62_AGACCCTTCATT_1               <NA>                    <NA>
GSM4557327_555_1.65_TTCTCTGTCTGG_1               <NA>                    <NA>
GSM4557327_555_1.67_TTCAATGTGGTA_1               <NA>                    <NA>
                                   development_stage_ontology_term_id
GSM4557327_555_1.19_CATCTGGCTATC_1                               <NA>
GSM4557327_555_1.33_TAACGCAAACCC_1                               <NA>
GSM4557327_555_1.49_TACCCTAATAAA_1                               <NA>
GSM4557327_555_1.62_AGACCCTTCATT_1                               <NA>
GSM4557327_555_1.65_TTCTCTGTCTGG_1                               <NA>
GSM4557327_555_1.67_TTCAATGTGGTA_1                               <NA>
                                   ethnicity_ontology_term_id days_since_onset
GSM4557327_555_1.19_CATCTGGCTATC_1                       <NA>             <NA>
GSM4557327_555_1.33_TAACGCAAACCC_1                       <NA>             <NA>
GSM4557327_555_1.49_TACCCTAATAAA_1                       <NA>             <NA>
GSM4557327_555_1.62_AGACCCTTCATT_1                       <NA>             <NA>
GSM4557327_555_1.65_TTCTCTGTCTGG_1                       <NA>             <NA>
GSM4557327_555_1.67_TTCAATGTGGTA_1                       <NA>             <NA>
                                   cell_type_ontology_term_id development_stage
GSM4557327_555_1.19_CATCTGGCTATC_1                       <NA>              <NA>
GSM4557327_555_1.33_TAACGCAAACCC_1                       <NA>              <NA>
GSM4557327_555_1.49_TACCCTAATAAA_1                       <NA>              <NA>
GSM4557327_555_1.62_AGACCCTTCATT_1                       <NA>              <NA>
GSM4557327_555_1.65_TTCTCTGTCTGG_1                       <NA>              <NA>
GSM4557327_555_1.67_TTCAATGTGGTA_1                       <NA>              <NA>
                                   cell_type ever_admitted_to_icu material_type
GSM4557327_555_1.19_CATCTGGCTATC_1      <NA>                 <NA>          <NA>
GSM4557327_555_1.33_TAACGCAAACCC_1      <NA>                 <NA>          <NA>
GSM4557327_555_1.49_TACCCTAATAAA_1      <NA>                 <NA>          <NA>
GSM4557327_555_1.62_AGACCCTTCATT_1      <NA>                 <NA>          <NA>
GSM4557327_555_1.65_TTCTCTGTCTGG_1      <NA>                 <NA>          <NA>
GSM4557327_555_1.67_TTCAATGTGGTA_1      <NA>                 <NA>          <NA>
                                   nCount_raw nFeature_raw sample_id n_genes
GSM4557327_555_1.19_CATCTGGCTATC_1         NA           NA      <NA>      NA
GSM4557327_555_1.33_TAACGCAAACCC_1         NA           NA      <NA>      NA
GSM4557327_555_1.49_TACCCTAATAAA_1         NA           NA      <NA>      NA
GSM4557327_555_1.62_AGACCCTTCATT_1         NA           NA      <NA>      NA
GSM4557327_555_1.65_TTCTCTGTCTGG_1         NA           NA      <NA>      NA
GSM4557327_555_1.67_TTCAATGTGGTA_1         NA           NA      <NA>      NA
                                   n_genes_by_counts total_counts
GSM4557327_555_1.19_CATCTGGCTATC_1                NA           NA
GSM4557327_555_1.33_TAACGCAAACCC_1                NA           NA
GSM4557327_555_1.49_TACCCTAATAAA_1                NA           NA
GSM4557327_555_1.62_AGACCCTTCATT_1                NA           NA
GSM4557327_555_1.65_TTCTCTGTCTGG_1                NA           NA
GSM4557327_555_1.67_TTCAATGTGGTA_1                NA           NA
                                   total_counts_mt pct_counts_mt
GSM4557327_555_1.19_CATCTGGCTATC_1              NA            NA
GSM4557327_555_1.33_TAACGCAAACCC_1              NA            NA
GSM4557327_555_1.49_TACCCTAATAAA_1              NA            NA
GSM4557327_555_1.62_AGACCCTTCATT_1              NA            NA
GSM4557327_555_1.65_TTCTCTGTCTGG_1              NA            NA
GSM4557327_555_1.67_TTCAATGTGGTA_1              NA            NA
                                   full_clustering initial_clustering Resample
GSM4557327_555_1.19_CATCTGGCTATC_1            <NA>               <NA>     <NA>
GSM4557327_555_1.33_TAACGCAAACCC_1            <NA>               <NA>     <NA>
GSM4557327_555_1.49_TACCCTAATAAA_1            <NA>               <NA>     <NA>
GSM4557327_555_1.62_AGACCCTTCATT_1            <NA>               <NA>     <NA>
GSM4557327_555_1.65_TTCTCTGTCTGG_1            <NA>               <NA>     <NA>
GSM4557327_555_1.67_TTCAATGTGGTA_1            <NA>               <NA>     <NA>
                                   Collection_Day Age_interval Swab_result
GSM4557327_555_1.19_CATCTGGCTATC_1           <NA>         <NA>        <NA>
GSM4557327_555_1.33_TAACGCAAACCC_1           <NA>         <NA>        <NA>
GSM4557327_555_1.49_TACCCTAATAAA_1           <NA>         <NA>        <NA>
GSM4557327_555_1.62_AGACCCTTCATT_1           <NA>         <NA>        <NA>
GSM4557327_555_1.65_TTCTCTGTCTGG_1           <NA>         <NA>        <NA>
GSM4557327_555_1.67_TTCAATGTGGTA_1           <NA>         <NA>        <NA>
                                   Smoker Status_on_day_collection
GSM4557327_555_1.19_CATCTGGCTATC_1   <NA>                     <NA>
GSM4557327_555_1.33_TAACGCAAACCC_1   <NA>                     <NA>
GSM4557327_555_1.49_TACCCTAATAAA_1   <NA>                     <NA>
GSM4557327_555_1.62_AGACCCTTCATT_1   <NA>                     <NA>
GSM4557327_555_1.65_TTCTCTGTCTGG_1   <NA>                     <NA>
GSM4557327_555_1.67_TTCAATGTGGTA_1   <NA>                     <NA>
                                   Status_on_day_collection_summary
GSM4557327_555_1.19_CATCTGGCTATC_1                             <NA>
GSM4557327_555_1.33_TAACGCAAACCC_1                             <NA>
GSM4557327_555_1.49_TACCCTAATAAA_1                             <NA>
GSM4557327_555_1.62_AGACCCTTCATT_1                             <NA>
GSM4557327_555_1.65_TTCTCTGTCTGG_1                             <NA>
GSM4557327_555_1.67_TTCAATGTGGTA_1                             <NA>
                                   Days_from_onset Site time_after_LPS
GSM4557327_555_1.19_CATCTGGCTATC_1            <NA> <NA>           <NA>
GSM4557327_555_1.33_TAACGCAAACCC_1            <NA> <NA>           <NA>
GSM4557327_555_1.49_TACCCTAATAAA_1            <NA> <NA>           <NA>
GSM4557327_555_1.62_AGACCCTTCATT_1            <NA> <NA>           <NA>
GSM4557327_555_1.65_TTCTCTGTCTGG_1            <NA> <NA>           <NA>
GSM4557327_555_1.67_TTCAATGTGGTA_1            <NA> <NA>           <NA>
                                   Worst_Clinical_Status Outcome patient_id
GSM4557327_555_1.19_CATCTGGCTATC_1                  <NA>    <NA>       <NA>
GSM4557327_555_1.33_TAACGCAAACCC_1                  <NA>    <NA>       <NA>
GSM4557327_555_1.49_TACCCTAATAAA_1                  <NA>    <NA>       <NA>
GSM4557327_555_1.62_AGACCCTTCATT_1                  <NA>    <NA>       <NA>
GSM4557327_555_1.65_TTCTCTGTCTGG_1                  <NA>    <NA>       <NA>
GSM4557327_555_1.67_TTCAATGTGGTA_1                  <NA>    <NA>       <NA>
                                   Patient cell_types Timepoint Pseudotime_name
GSM4557327_555_1.19_CATCTGGCTATC_1    <NA>       <NA>      <NA>            <NA>
GSM4557327_555_1.33_TAACGCAAACCC_1    <NA>       <NA>      <NA>            <NA>
GSM4557327_555_1.49_TACCCTAATAAA_1    <NA>       <NA>      <NA>            <NA>
GSM4557327_555_1.62_AGACCCTTCATT_1    <NA>       <NA>      <NA>            <NA>
GSM4557327_555_1.65_TTCTCTGTCTGG_1    <NA>       <NA>      <NA>            <NA>
GSM4557327_555_1.67_TTCAATGTGGTA_1    <NA>       <NA>      <NA>            <NA>
                                   Pseudotime cell_of_interes class V323 V330
GSM4557327_555_1.19_CATCTGGCTATC_1       <NA>            <NA>  <NA> <NA> <NA>
GSM4557327_555_1.33_TAACGCAAACCC_1       <NA>            <NA>  <NA> <NA> <NA>
GSM4557327_555_1.49_TACCCTAATAAA_1       <NA>            <NA>  <NA> <NA> <NA>
GSM4557327_555_1.62_AGACCCTTCATT_1       <NA>            <NA>  <NA> <NA> <NA>
GSM4557327_555_1.65_TTCTCTGTCTGG_1       <NA>            <NA>  <NA> <NA> <NA>
GSM4557327_555_1.67_TTCAATGTGGTA_1       <NA>            <NA>  <NA> <NA> <NA>
                                   RNA_snn_res.0.2 cell_types2 Celltype
GSM4557327_555_1.19_CATCTGGCTATC_1            <NA>        <NA>     <NA>
GSM4557327_555_1.33_TAACGCAAACCC_1            <NA>        <NA>     <NA>
GSM4557327_555_1.49_TACCCTAATAAA_1            <NA>        <NA>     <NA>
GSM4557327_555_1.62_AGACCCTTCATT_1            <NA>        <NA>     <NA>
GSM4557327_555_1.65_TTCTCTGTCTGG_1            <NA>        <NA>     <NA>
GSM4557327_555_1.67_TTCAATGTGGTA_1            <NA>        <NA>     <NA>
                                   RNA_snn_res.0.1 nCount_integrated
GSM4557327_555_1.19_CATCTGGCTATC_1            <NA>                NA
GSM4557327_555_1.33_TAACGCAAACCC_1            <NA>                NA
GSM4557327_555_1.49_TACCCTAATAAA_1            <NA>                NA
GSM4557327_555_1.62_AGACCCTTCATT_1            <NA>                NA
GSM4557327_555_1.65_TTCTCTGTCTGG_1            <NA>                NA
GSM4557327_555_1.67_TTCAATGTGGTA_1            <NA>                NA
                                   nFeature_integrated Gender ICU_vs_FLOOR
GSM4557327_555_1.19_CATCTGGCTATC_1                  NA   <NA>         <NA>
GSM4557327_555_1.33_TAACGCAAACCC_1                  NA   <NA>         <NA>
GSM4557327_555_1.49_TACCCTAATAAA_1                  NA   <NA>         <NA>
GSM4557327_555_1.62_AGACCCTTCATT_1                  NA   <NA>         <NA>
GSM4557327_555_1.65_TTCTCTGTCTGG_1                  NA   <NA>         <NA>
GSM4557327_555_1.67_TTCAATGTGGTA_1                  NA   <NA>         <NA>
                                   Qualitative_score covid_status S.Score
GSM4557327_555_1.19_CATCTGGCTATC_1              <NA>         <NA>      NA
GSM4557327_555_1.33_TAACGCAAACCC_1              <NA>         <NA>      NA
GSM4557327_555_1.49_TACCCTAATAAA_1              <NA>         <NA>      NA
GSM4557327_555_1.62_AGACCCTTCATT_1              <NA>         <NA>      NA
GSM4557327_555_1.65_TTCTCTGTCTGG_1              <NA>         <NA>      NA
GSM4557327_555_1.67_TTCAATGTGGTA_1              <NA>         <NA>      NA
                                   G2M.Score Phase integrated_snn_res.1.2
GSM4557327_555_1.19_CATCTGGCTATC_1        NA  <NA>                   <NA>
GSM4557327_555_1.33_TAACGCAAACCC_1        NA  <NA>                   <NA>
GSM4557327_555_1.49_TACCCTAATAAA_1        NA  <NA>                   <NA>
GSM4557327_555_1.62_AGACCCTTCATT_1        NA  <NA>                   <NA>
GSM4557327_555_1.65_TTCTCTGTCTGG_1        NA  <NA>                   <NA>
GSM4557327_555_1.67_TTCAATGTGGTA_1        NA  <NA>                   <NA>
                                   condition sample_type time
GSM4557327_555_1.19_CATCTGGCTATC_1      <NA>        <NA> <NA>
GSM4557327_555_1.33_TAACGCAAACCC_1      <NA>        <NA> <NA>
GSM4557327_555_1.49_TACCCTAATAAA_1      <NA>        <NA> <NA>
GSM4557327_555_1.62_AGACCCTTCATT_1      <NA>        <NA> <NA>
GSM4557327_555_1.65_TTCTCTGTCTGG_1      <NA>        <NA> <NA>
GSM4557327_555_1.67_TTCAATGTGGTA_1      <NA>        <NA> <NA>
[1] 99700    18
                       pruned.labels
3_AAGCATCCATCACAGT-1_3    HSC_-G-CSF
3_AAGGTAAGTAGAGACC-1_3     Platelets
3_ACTTCGCCAGCTTCGG-1_3    HSC_-G-CSF
3_AGGATCTTCGAGAATA-1_3    HSC_-G-CSF
3_AGGTCATCAGAAATTG-1_3    HSC_-G-CSF
3_ATACCTTTCCTTCGAC-1_3    HSC_-G-CSF

        BM        CMP HSC_-G-CSF        MEP  Platelets    T_cells 
       558        382       1305        140       8797        947 
                       RN7SK      A1BG A1BG-AS1 A1CF A2M  A2M-AS1 A2ML1 A4GALT
3_AAGCATCCATCACAGT-1_3     0 0.0000000        0    0   0 0.000000     0      0
3_AAGGTAAGTAGAGACC-1_3     0 0.0000000        0    0   0 0.000000     0      0
3_ACTTCGCCAGCTTCGG-1_3     0 0.0000000        0    0   0 1.116252     0      0
3_AGGATCTTCGAGAATA-1_3     0 0.0000000        0    0   0 0.000000     0      0
3_AGGTCATCAGAAATTG-1_3     0 0.0000000        0    0   0 0.000000     0      0
3_ATACCTTTCCTTCGAC-1_3     0 0.8850822        0    0   0 0.000000     0      0
3_ATTACCTTCGACCTAA-1_3     0 0.3340669        0    0   0 0.000000     0      0
3_ATTCATCTCATGCTAG-1_3     0 0.0000000        0    0   0 0.000000     0      0
3_CATGGTAAGACGAAGA-1_3     0 0.8888186        0    0   0 0.000000     0      0
3_CCCTGATAGCCGATAG-1_3     0 0.0000000        0    0   0 0.000000     0      0
3_CCTACGTAGGGACCAT-1_3     0 0.3397615        0    0   0 0.000000     0      0
3_CGAGGCTTCGTAACTG-1_3     0 0.0000000        0    0   0 0.000000     0      0
3_CGTGCTTAGCTGTACT-1_3     0 0.8055514        0    0   0 0.000000     0      0
3_GCCCGAAAGCGACCCT-1_3     0 0.0000000        0    0   0 0.000000     0      0
3_GCTTCACCACAACGCC-1_3     0 0.0000000        0    0   0 0.000000     0      0
                            AAAS      AACS AADAC AADACL3 AADAT    PRXL2C
3_AAGCATCCATCACAGT-1_3 0.0000000 0.0000000     0       0     0 0.0000000
3_AAGGTAAGTAGAGACC-1_3 0.0000000 0.0000000     0       0     0 0.0000000
3_ACTTCGCCAGCTTCGG-1_3 0.0000000 0.0000000     0       0     0 0.0000000
3_AGGATCTTCGAGAATA-1_3 0.0000000 0.0000000     0       0     0 0.0000000
3_AGGTCATCAGAAATTG-1_3 0.0000000 0.0000000     0       0     0 0.0000000
3_ATACCTTTCCTTCGAC-1_3 0.0000000 0.0000000     0       0     0 0.0000000
3_ATTACCTTCGACCTAA-1_3 0.0000000 0.0000000     0       0     0 0.3340669
3_ATTCATCTCATGCTAG-1_3 0.9692087 0.0000000     0       0     0 0.9692087
3_CATGGTAAGACGAAGA-1_3 0.0000000 0.0000000     0       0     0 0.0000000
3_CCCTGATAGCCGATAG-1_3 0.0000000 0.0000000     0       0     0 0.0000000
3_CCTACGTAGGGACCAT-1_3 0.0000000 0.5928987     0       0     0 1.1062705
3_CGAGGCTTCGTAACTG-1_3 0.0000000 0.0000000     0       0     0 0.0000000
3_CGTGCTTAGCTGTACT-1_3 0.0000000 0.0000000     0       0     0 0.8055514
3_GCCCGAAAGCGACCCT-1_3 0.0000000 0.0000000     0       0     0 0.0000000
3_GCTTCACCACAACGCC-1_3 0.0000000 0.0000000     0       0     0 0.0000000
                           AAGAB
3_AAGCATCCATCACAGT-1_3 0.0000000
3_AAGGTAAGTAGAGACC-1_3 0.0000000
3_ACTTCGCCAGCTTCGG-1_3 0.0000000
3_AGGATCTTCGAGAATA-1_3 0.0000000
3_AGGTCATCAGAAATTG-1_3 0.0000000
3_ATACCTTTCCTTCGAC-1_3 0.0000000
3_ATTACCTTCGACCTAA-1_3 0.0000000
3_ATTCATCTCATGCTAG-1_3 0.0000000
3_CATGGTAAGACGAAGA-1_3 0.0000000
3_CCCTGATAGCCGATAG-1_3 0.0000000
3_CCTACGTAGGGACCAT-1_3 0.0000000
3_CGAGGCTTCGTAACTG-1_3 0.0000000
3_CGTGCTTAGCTGTACT-1_3 0.8055514
3_GCCCGAAAGCGACCCT-1_3 0.0000000
3_GCTTCACCACAACGCC-1_3 0.0000000
                Row.names  cell_type RN7SK      A1BG A1BG-AS1 A1CF A2M  A2M-AS1
1  3_AAGCATCCATCACAGT-1_3 HSC_-G-CSF     0 0.0000000        0    0   0 0.000000
2  3_AAGGTAAGTAGAGACC-1_3  Platelets     0 0.0000000        0    0   0 0.000000
3  3_ACTTCGCCAGCTTCGG-1_3 HSC_-G-CSF     0 0.0000000        0    0   0 1.116252
4  3_AGGATCTTCGAGAATA-1_3 HSC_-G-CSF     0 0.0000000        0    0   0 0.000000
5  3_AGGTCATCAGAAATTG-1_3 HSC_-G-CSF     0 0.0000000        0    0   0 0.000000
6  3_ATACCTTTCCTTCGAC-1_3 HSC_-G-CSF     0 0.8850822        0    0   0 0.000000
7  3_ATTACCTTCGACCTAA-1_3 HSC_-G-CSF     0 0.3340669        0    0   0 0.000000
8  3_ATTCATCTCATGCTAG-1_3 HSC_-G-CSF     0 0.0000000        0    0   0 0.000000
9  3_CATGGTAAGACGAAGA-1_3 HSC_-G-CSF     0 0.8888186        0    0   0 0.000000
10 3_CCCTGATAGCCGATAG-1_3  Platelets     0 0.0000000        0    0   0 0.000000
11 3_CCTACGTAGGGACCAT-1_3        CMP     0 0.3397615        0    0   0 0.000000
12 3_CGAGGCTTCGTAACTG-1_3 HSC_-G-CSF     0 0.0000000        0    0   0 0.000000
13 3_CGTGCTTAGCTGTACT-1_3    T_cells     0 0.8055514        0    0   0 0.000000
14 3_GCCCGAAAGCGACCCT-1_3 HSC_-G-CSF     0 0.0000000        0    0   0 0.000000
15 3_GCTTCACCACAACGCC-1_3 HSC_-G-CSF     0 0.0000000        0    0   0 0.000000
   A2ML1 A4GALT      AAAS      AACS AADAC AADACL3 AADAT
1      0      0 0.0000000 0.0000000     0       0     0
2      0      0 0.0000000 0.0000000     0       0     0
3      0      0 0.0000000 0.0000000     0       0     0
4      0      0 0.0000000 0.0000000     0       0     0
5      0      0 0.0000000 0.0000000     0       0     0
6      0      0 0.0000000 0.0000000     0       0     0
7      0      0 0.0000000 0.0000000     0       0     0
8      0      0 0.9692087 0.0000000     0       0     0
9      0      0 0.0000000 0.0000000     0       0     0
10     0      0 0.0000000 0.0000000     0       0     0
11     0      0 0.0000000 0.5928987     0       0     0
12     0      0 0.0000000 0.0000000     0       0     0
13     0      0 0.0000000 0.0000000     0       0     0
14     0      0 0.0000000 0.0000000     0       0     0
15     0      0 0.0000000 0.0000000     0       0     0
There were 50 or more warnings (use warnings() to see the first 50)
[1] 6109    7
[1] 8.946033
[1] 4809    7
[1] 3.010255
                                     pruned.labels
Bcells_Coc004TC_CAACCTCTCGCAGGCT-1_9    HSC_-G-CSF
Bcells_Coc004TC_GCATGTACAGACGCTC-1_9    HSC_-G-CSF
Bcells_Coc004TC_TACGGGCCACGGTGTC-1_9    HSC_-G-CSF
Bcells_Ki001TC_GTCCTCATCTACGAGT-1_9            CMP
Bcells_Ki005TB_AGCAGCCTCTACCAGA-1_9        T_cells
Bcells_Ki005TB_CACTCCAGTCCGTTAA-1_9        T_cells

        BM        CMP HSC_-G-CSF        MEP  Platelets    T_cells 
        23        811        742         55       2907         17 
                                     RN7SK      A1BG A1BG-AS1 A1CF A2M A2M-AS1
Bcells_Coc004TC_CAACCTCTCGCAGGCT-1_9     0 0.0000000        0    0   0       0
Bcells_Coc004TC_GCATGTACAGACGCTC-1_9     0 0.0000000        0    0   0       0
Bcells_Coc004TC_TACGGGCCACGGTGTC-1_9     0 0.0000000        0    0   0       0
Bcells_Ki001TC_GTCCTCATCTACGAGT-1_9      0 0.0000000        0    0   0       0
Bcells_Ki005TB_AGCAGCCTCTACCAGA-1_9      0 0.8853749        0    0   0       0
Bcells_Ki005TB_CACTCCAGTCCGTTAA-1_9      0 0.0000000        0    0   0       0
Bcells_Ki005TB_GGACAGAGTTGCGCAC-1_9      0 1.0254210        0    0   0       0
Bcells_Ki006TA_AAACCTGGTTTACTCT-1_9      0 0.0000000        0    0   0       0
Bcells_Ki006TA_GACGCGTCACCTGGTG-1_9      0 0.0000000        0    0   0       0
Bcells_Coc003TA_CAGTCCTCAGCCTATA-1_9     0 0.0000000        0    0   0       0
Bcells_Coc011TA_GGCTCGATCTTCGGTC-1_9     0 0.0000000        0    0   0       0
Bcells_Coc012TE_CGTAGGCCACCGAATT-1_9     0 0.0000000        0    0   0       0
Bcells_Coc022TA_GATGAAACATACGCTA-1_9     0 0.0000000        0    0   0       0
Bcells_Ki001TA2_CCACCTACAACACGCC-1_9     0 0.0000000        0    0   0       0
Bcells_Ki001TA2_TGGGCGTAGGGATCTG-1_9     0 0.0000000        0    0   0       0
                                     A2ML1 A4GALT     AAAS AACS AADAC AADACL3
Bcells_Coc004TC_CAACCTCTCGCAGGCT-1_9     0      0 0.000000    0     0       0
Bcells_Coc004TC_GCATGTACAGACGCTC-1_9     0      0 0.000000    0     0       0
Bcells_Coc004TC_TACGGGCCACGGTGTC-1_9     0      0 0.000000    0     0       0
Bcells_Ki001TC_GTCCTCATCTACGAGT-1_9      0      0 0.000000    0     0       0
Bcells_Ki005TB_AGCAGCCTCTACCAGA-1_9      0      0 0.000000    0     0       0
Bcells_Ki005TB_CACTCCAGTCCGTTAA-1_9      0      0 0.000000    0     0       0
Bcells_Ki005TB_GGACAGAGTTGCGCAC-1_9      0      0 1.025421    0     0       0
Bcells_Ki006TA_AAACCTGGTTTACTCT-1_9      0      0 0.000000    0     0       0
Bcells_Ki006TA_GACGCGTCACCTGGTG-1_9      0      0 0.000000    0     0       0
Bcells_Coc003TA_CAGTCCTCAGCCTATA-1_9     0      0 0.000000    0     0       0
Bcells_Coc011TA_GGCTCGATCTTCGGTC-1_9     0      0 0.000000    0     0       0
Bcells_Coc012TE_CGTAGGCCACCGAATT-1_9     0      0 0.000000    0     0       0
Bcells_Coc022TA_GATGAAACATACGCTA-1_9     0      0 0.000000    0     0       0
Bcells_Ki001TA2_CCACCTACAACACGCC-1_9     0      0 2.019685    0     0       0
Bcells_Ki001TA2_TGGGCGTAGGGATCTG-1_9     0      0 0.000000    0     0       0
                                     AADAT PRXL2C     AAGAB
Bcells_Coc004TC_CAACCTCTCGCAGGCT-1_9     0      0 0.0000000
Bcells_Coc004TC_GCATGTACAGACGCTC-1_9     0      0 0.0000000
Bcells_Coc004TC_TACGGGCCACGGTGTC-1_9     0      0 0.0000000
Bcells_Ki001TC_GTCCTCATCTACGAGT-1_9      0      0 0.0000000
Bcells_Ki005TB_AGCAGCCTCTACCAGA-1_9      0      0 0.0000000
Bcells_Ki005TB_CACTCCAGTCCGTTAA-1_9      0      0 0.8729332
Bcells_Ki005TB_GGACAGAGTTGCGCAC-1_9      0      0 0.0000000
Bcells_Ki006TA_AAACCTGGTTTACTCT-1_9      0      0 0.0000000
Bcells_Ki006TA_GACGCGTCACCTGGTG-1_9      0      0 0.0000000
Bcells_Coc003TA_CAGTCCTCAGCCTATA-1_9     0      0 0.0000000
Bcells_Coc011TA_GGCTCGATCTTCGGTC-1_9     0      0 0.0000000
Bcells_Coc012TE_CGTAGGCCACCGAATT-1_9     0      0 0.0000000
Bcells_Coc022TA_GATGAAACATACGCTA-1_9     0      0 0.0000000
Bcells_Ki001TA2_CCACCTACAACACGCC-1_9     0      0 0.0000000
Bcells_Ki001TA2_TGGGCGTAGGGATCTG-1_9     0      0 0.0000000
                              Row.names  cell_type RN7SK     A1BG A1BG-AS1 A1CF
1  Bcells_Coc003TA_CAGTCCTCAGCCTATA-1_9    T_cells     0 0.000000        0    0
2  Bcells_Coc004TC_AGTAGTCGTAGAGCTG-1_9    T_cells     0 0.000000        0    0
3  Bcells_Coc004TC_CAACCTCTCGCAGGCT-1_9 HSC_-G-CSF     0 0.000000        0    0
4  Bcells_Coc004TC_GCATGTACAGACGCTC-1_9 HSC_-G-CSF     0 0.000000        0    0
5  Bcells_Coc004TC_TACGGGCCACGGTGTC-1_9 HSC_-G-CSF     0 0.000000        0    0
6  Bcells_Coc004TC_TGACTAGAGCTTATCG-1_9  Platelets     0 0.000000        0    0
7  Bcells_Coc011TA_GGCTCGATCTTCGGTC-1_9 HSC_-G-CSF     0 0.000000        0    0
8  Bcells_Coc012TE_CGTAGGCCACCGAATT-1_9    T_cells     0 0.000000        0    0
9  Bcells_Coc022TA_AAAGATGAGACTTTCG-1_9  Platelets     0 0.000000        0    0
10 Bcells_Coc022TA_AAGGTTCGTTAAGACA-1_9 HSC_-G-CSF     0 0.000000        0    0
11 Bcells_Coc022TA_CAAGTTGCAATCGAAA-1_9         BM     0 0.000000        0    0
12 Bcells_Coc022TA_CCGTGGAAGCGTTTAC-1_9    T_cells     0 3.260504        0    0
13 Bcells_Coc022TA_CGACCTTCAAGCCATT-1_9         BM     0 0.000000        0    0
14 Bcells_Coc022TA_CGTTCTGTCTCAAGTG-1_9 HSC_-G-CSF     0 0.000000        0    0
15 Bcells_Coc022TA_GAAATGATCCTACAGA-1_9         BM     0 0.000000        0    0
   A2M A2M-AS1 A2ML1 A4GALT     AAAS AACS AADAC AADACL3 AADAT
1    0       0     0      0 0.000000    0     0       0     0
2    0       0     0      0 0.000000    0     0       0     0
3    0       0     0      0 0.000000    0     0       0     0
4    0       0     0      0 0.000000    0     0       0     0
5    0       0     0      0 0.000000    0     0       0     0
6    0       0     0      0 0.000000    0     0       0     0
7    0       0     0      0 0.000000    0     0       0     0
8    0       0     0      0 0.000000    0     0       0     0
9    0       0     0      0 0.000000    0     0       0     0
10   0       0     0      0 0.000000    0     0       0     0
11   0       0     0      0 0.000000    0     0       0     0
12   0       0     0      0 0.000000    0     0       0     0
13   0       0     0      0 2.913524    0     0       0     0
14   0       0     0      0 0.000000    0     0       0     0
15   0       0     0      0 0.000000    0     0       0     0
There were 50 or more warnings (use warnings() to see the first 50)
[1] 2767    7
[1] 4.937101
[1] 2430    7
[1] 2.319724
                     pruned.labels
AACACACTCTGAGGCC-5_2           CMP
AACCATGAGGACGCTA-5_2       T_cells
AAGAACAGTGCTCTTC-5_2       T_cells
AATAGAGCAGGCTTGC-5_2       T_cells
ACAAAGATCGACGCTG-5_2       T_cells
ACACAGTTCGCAATGT-5_2     Platelets

        BM        CMP HSC_-G-CSF        MEP  Platelets    T_cells 
        14        274       1694         19       2450      14822 
                     RN7SK      A1BG A1BG-AS1 A1CF A2M   A2M-AS1 A2ML1 A4GALT
AACACACTCTGAGGCC-5_2     0 0.0000000        0    0   0 0.0000000     0      0
AACCATGAGGACGCTA-5_2     0 0.0000000        0    0   0 0.0000000     0      0
AAGAACAGTGCTCTTC-5_2     0 0.9138378        0    0   0 0.0000000     0      0
AATAGAGCAGGCTTGC-5_2     0 0.0000000        0    0   0 0.0000000     0      0
ACAAAGATCGACGCTG-5_2     0 0.0000000        0    0   0 0.9353979     0      0
ACACAGTTCGCAATGT-5_2     0 0.0000000        0    0   0 0.0000000     0      0
ACGATGTTCAACACGT-5_2     0 0.0000000        0    0   0 0.9055958     0      0
ACTGATGAGTGTCATC-5_2     0 0.0000000        0    0   0 0.0000000     0      0
ACTGATGGTACCGCGT-5_2     0 0.0000000        0    0   0 0.0000000     0      0
ACTGTGAAGGGTCTTT-5_2     0 0.0000000        0    0   0 0.0000000     0      0
AGAGAATGTCACCGAC-5_2     0 0.0000000        0    0   0 0.0000000     0      0
AGATGCTAGATCCCAT-5_2     0 0.0000000        0    0   0 0.0000000     0      0
AGGAATAGTCCTGGTG-5_2     0 0.7412989        0    0   0 0.7412989     0      0
AGGAGGTTCAGCCTTC-5_2     0 2.0884181        0    0   0 0.0000000     0      0
AGGTGTTCAGTCTACA-5_2     0 0.0000000        0    0   0 1.0677273     0      0
                     AAAS     AACS AADAC AADACL3 AADAT    PRXL2C     AAGAB
AACACACTCTGAGGCC-5_2    0 0.000000     0       0     0 2.1915558 0.0000000
AACCATGAGGACGCTA-5_2    0 1.053289     0       0     0 0.0000000 0.0000000
AAGAACAGTGCTCTTC-5_2    0 0.000000     0       0     0 0.9138378 0.0000000
AATAGAGCAGGCTTGC-5_2    0 0.000000     0       0     0 0.0000000 0.5006886
ACAAAGATCGACGCTG-5_2    0 0.000000     0       0     0 0.0000000 0.0000000
ACACAGTTCGCAATGT-5_2    0 0.000000     0       0     0 0.0000000 0.0000000
ACGATGTTCAACACGT-5_2    0 0.000000     0       0     0 0.9055958 0.0000000
ACTGATGAGTGTCATC-5_2    0 0.000000     0       0     0 0.9169813 0.0000000
ACTGATGGTACCGCGT-5_2    0 0.000000     0       0     0 0.0000000 1.1174962
ACTGTGAAGGGTCTTT-5_2    0 0.000000     0       0     0 0.0000000 0.0000000
AGAGAATGTCACCGAC-5_2    0 0.000000     0       0     0 0.0000000 0.0000000
AGATGCTAGATCCCAT-5_2    0 0.000000     0       0     0 1.2156482 0.0000000
AGGAATAGTCCTGGTG-5_2    0 0.000000     0       0     0 0.0000000 0.7412989
AGGAGGTTCAGCCTTC-5_2    0 0.000000     0       0     0 0.0000000 0.0000000
AGGTGTTCAGTCTACA-5_2    0 0.000000     0       0     0 1.0677273 0.0000000
                      Row.names  cell_type RN7SK     A1BG A1BG-AS1 A1CF A2M
1  AAACCTGAGACTTGAA-MH8919176_7    T_cells     0 0.000000        0    0   0
2  AAACCTGAGTCAAGGC-MH8919333_7    T_cells     0 0.000000        0    0   0
3       AAACCTGAGTGCAAGC-08_2_6    T_cells     0 1.098879        0    0   0
4         AAACCTGCAAACCCAT-11_3    T_cells     0 0.000000        0    0   0
5  AAACCTGCAAATACAG-MH8919179_7    T_cells     0 0.000000        0    0   0
6  AAACCTGCAAGTAATG-MH8919176_7  Platelets     0 0.000000        0    0   0
7          AAACCTGCAAGTACCT-1_3 HSC_-G-CSF     0 0.000000        0    0   0
8  AAACCTGCACATGACT-MH8919333_7    T_cells     0 1.183261        0    0   0
9  AAACCTGCAGCCACCA-MH8919176_7  Platelets     0 0.000000        0    0   0
10      AAACCTGGTCATCCCT-09_4_6    T_cells     0 0.000000        0    0   0
11      AAACCTGGTGATGTCT-23_5_6    T_cells     0 0.000000        0    0   0
12      AAACCTGTCATTGCCC-12_2_6    T_cells     0 0.000000        0    0   0
13        AAACCTGTCCACGTTC-13_3 HSC_-G-CSF     0 0.000000        0    0   0
14         AAACCTGTCCATGCTC-3_3 HSC_-G-CSF     0 2.253173        0    0   0
15      AAACCTGTCGGTGTCG-24_5_6    T_cells     0 0.000000        0    0   0
   A2M-AS1 A2ML1 A4GALT AAAS     AACS AADAC AADACL3 AADAT
1        0     0      0    0 0.000000     0       0     0
2        0     0      0    0 0.000000     0       0     0
3        0     0      0    0 0.000000     0       0     0
4        0     0      0    0 0.000000     0       0     0
5        0     0      0    0 0.000000     0       0     0
6        0     0      0    0 0.000000     0       0     0
7        0     0      0    0 2.154985     0       0     0
8        0     0      0    0 0.000000     0       0     0
9        0     0      0    0 0.000000     0       0     0
10       0     0      0    0 0.000000     0       0     0
11       0     0      0    0 0.000000     0       0     0
12       0     0      0    0 0.000000     0       0     0
13       0     0      0    0 0.000000     0       0     0
14       0     0      0    0 0.000000     0       0     0
15       0     0      0    0 0.000000     0       0     0
There were 50 or more warnings (use warnings() to see the first 50)
[1] 3771    7
[1] 7.986461
[1] 3425    7
[1] 3.301714
                             pruned.labels
AAACGGGAGTTGAGAT-MH8919230_7     Platelets
AAAGCAATCCGTAGTA-MH8919230_7     Platelets
AAAGCAATCTTTAGTC-MH8919230_7     Platelets
AACACGTCACTAAGTC-MH8919230_7     Platelets
AACCGCGAGCCGATTT-MH8919230_7     Platelets
AAGACCTCACATTTCT-MH8919230_7     Platelets

       CMP HSC_-G-CSF        MEP  Platelets    T_cells 
        15          2          3        636        105 
                             RN7SK A1BG A1BG-AS1 A1CF A2M A2M-AS1 A2ML1 A4GALT
AAACGGGAGTTGAGAT-MH8919230_7     0    0        0    0   0       0     0      0
AAAGCAATCCGTAGTA-MH8919230_7     0    0        0    0   0       0     0      0
AAAGCAATCTTTAGTC-MH8919230_7     0    0        0    0   0       0     0      0
AACACGTCACTAAGTC-MH8919230_7     0    0        0    0   0       0     0      0
AACCGCGAGCCGATTT-MH8919230_7     0    0        0    0   0       0     0      0
AAGACCTCACATTTCT-MH8919230_7     0    0        0    0   0       0     0      0
AAGCCGCTCCACGCAG-MH8919230_7     0    0        0    0   0       0     0      0
AAGGTTCTCAGTTTGG-MH8919230_7     0    0        0    0   0       0     0      0
AATCCAGGTCTCTCGT-MH8919230_7     0    0        0    0   0       0     0      0
ACACCCTCACTCGACG-MH8919230_7     0    0        0    0   0       0     0      0
ACACCCTGTATGGTTC-MH8919230_7     0    0        0    0   0       0     0      0
ACACCGGCAAAGCGGT-MH8919230_7     0    0        0    0   0       0     0      0
ACAGCTAAGAGTGAGA-MH8919230_7     0    0        0    0   0       0     0      0
ACATGGTTCACAATGC-MH8919230_7     0    0        0    0   0       0     0      0
ACGATGTAGGTGCAAC-MH8919230_7     0    0        0    0   0       0     0      0
                             AAAS AACS AADAC AADACL3 AADAT PRXL2C AAGAB
AAACGGGAGTTGAGAT-MH8919230_7    0    0     0       0     0      0     0
AAAGCAATCCGTAGTA-MH8919230_7    0    0     0       0     0      0     0
AAAGCAATCTTTAGTC-MH8919230_7    0    0     0       0     0      0     0
AACACGTCACTAAGTC-MH8919230_7    0    0     0       0     0      0     0
AACCGCGAGCCGATTT-MH8919230_7    0    0     0       0     0      0     0
AAGACCTCACATTTCT-MH8919230_7    0    0     0       0     0      0     0
AAGCCGCTCCACGCAG-MH8919230_7    0    0     0       0     0      0     0
AAGGTTCTCAGTTTGG-MH8919230_7    0    0     0       0     0      0     0
AATCCAGGTCTCTCGT-MH8919230_7    0    0     0       0     0      0     0
ACACCCTCACTCGACG-MH8919230_7    0    0     0       0     0      0     0
ACACCCTGTATGGTTC-MH8919230_7    0    0     0       0     0      0     0
ACACCGGCAAAGCGGT-MH8919230_7    0    0     0       0     0      0     0
ACAGCTAAGAGTGAGA-MH8919230_7    0    0     0       0     0      0     0
ACATGGTTCACAATGC-MH8919230_7    0    0     0       0     0      0     0
ACGATGTAGGTGCAAC-MH8919230_7    0    0     0       0     0      0     0
                      Row.names cell_type RN7SK A1BG A1BG-AS1 A1CF A2M A2M-AS1
1  AAACCTGGTTAAAGAC-MH8919281_7 Platelets     0    0        0    0   0       0
2  AAACGGGAGTTGAGAT-MH8919230_7 Platelets     0    0        0    0   0       0
3  AAACGGGGTTTGGGCC-MH8919231_7 Platelets     0    0        0    0   0       0
4  AAAGATGAGACGACGT-MH8919232_7 Platelets     0    0        0    0   0       0
5  AAAGCAATCCGTAGTA-MH8919230_7 Platelets     0    0        0    0   0       0
6  AAAGCAATCTTTAGTC-MH8919230_7 Platelets     0    0        0    0   0       0
7  AAAGTAGAGGTACTCT-MH8919281_7 Platelets     0    0        0    0   0       0
8  AAATGCCAGAAACCGC-MH8919231_7 Platelets     0    0        0    0   0       0
9  AACACGTCACTAAGTC-MH8919230_7 Platelets     0    0        0    0   0       0
10 AACACGTCAGAGTGTG-MH8919232_7 Platelets     0    0        0    0   0       0
11 AACACGTGTCCATGAT-MH8919279_7 Platelets     0    0        0    0   0       0
12 AACCATGCAGAAGCAC-MH8919231_7 Platelets     0    0        0    0   0       0
13 AACCGCGAGACCCACC-MH8919231_7 Platelets     0    0        0    0   0       0
14 AACCGCGAGCCGATTT-MH8919230_7 Platelets     0    0        0    0   0       0
15 AACCGCGCATCACAAC-MH8919229_7 Platelets     0    0        0    0   0       0
   A2ML1 A4GALT AAAS AACS AADAC AADACL3 AADAT
1      0      0    0    0     0       0     0
2      0      0    0    0     0       0     0
3      0      0    0    0     0       0     0
4      0      0    0    0     0       0     0
5      0      0    0    0     0       0     0
6      0      0    0    0     0       0     0
7      0      0    0    0     0       0     0
8      0      0    0    0     0       0     0
9      0      0    0    0     0       0     0
10     0      0    0    0     0       0     0
11     0      0    0    0     0       0     0
12     0      0    0    0     0       0     0
13     0      0    0    0     0       0     0
14     0      0    0    0     0       0     0
15     0      0    0    0     0       0     0
There were 50 or more warnings (use warnings() to see the first 50)
[1] 1024    7
[1] 8.422809
[1] 805   7
[1] 3.056901
                       pruned.labels
AAACCCATCGCAGAGA-1_2_4       T_cells
AAACGAATCCGATCTC-1_2_4     Platelets
AAATGGATCTCGGCTT-1_2_4       T_cells
AACTTCTAGGCACAAC-1_2_4     Platelets
AACTTCTGTTTCGTAG-1_2_4     Platelets
AAGACAAAGCCACTCG-1_2_4     Platelets

        BM        CMP HSC_-G-CSF        MEP  Platelets    T_cells 
       104        918        314        112       3415       2097 
                       RN7SK     A1BG A1BG-AS1 A1CF A2M A2M-AS1 A2ML1 A4GALT
AAACCCATCGCAGAGA-1_2_4     0 1.482966        0    0   0       0     0      0
AAACGAATCCGATCTC-1_2_4     0 0.000000        0    0   0       0     0      0
AAATGGATCTCGGCTT-1_2_4     0 0.000000        0    0   0       0     0      0
AACTTCTAGGCACAAC-1_2_4     0 0.000000        0    0   0       0     0      0
AACTTCTGTTTCGTAG-1_2_4     0 0.000000        0    0   0       0     0      0
AAGACAAAGCCACTCG-1_2_4     0 0.000000        0    0   0       0     0      0
AAGATAGAGACCAACG-1_2_4     0 0.000000        0    0   0       0     0      0
AAGCGAGTCCATCAGA-1_2_4     0 0.000000        0    0   0       0     0      0
AAGCGTTTCGATACTG-1_2_4     0 0.000000        0    0   0       0     0      0
AAGGAATAGGATAATC-1_2_4     0 0.000000        0    0   0       0     0      0
AAGGAATAGTGCACCC-1_2_4     0 0.000000        0    0   0       0     0      0
AAGTACCGTATACCCA-1_2_4     0 0.000000        0    0   0       0     0      0
AAGTGAACATATACCG-1_2_4     0 0.000000        0    0   0       0     0      0
AAGTGAAGTCAGGTGA-1_2_4     0 0.000000        0    0   0       0     0      0
AATCGTGAGCTGAGCA-1_2_4     0 0.000000        0    0   0       0     0      0
                       AAAS AACS AADAC AADACL3 AADAT    PRXL2C AAGAB
AAACCCATCGCAGAGA-1_2_4    0    0     0       0     0 0.0000000     0
AAACGAATCCGATCTC-1_2_4    0    0     0       0     0 0.0000000     0
AAATGGATCTCGGCTT-1_2_4    0    0     0       0     0 0.0000000     0
AACTTCTAGGCACAAC-1_2_4    0    0     0       0     0 0.0000000     0
AACTTCTGTTTCGTAG-1_2_4    0    0     0       0     0 0.0000000     0
AAGACAAAGCCACTCG-1_2_4    0    0     0       0     0 0.0000000     0
AAGATAGAGACCAACG-1_2_4    0    0     0       0     0 0.0000000     0
AAGCGAGTCCATCAGA-1_2_4    0    0     0       0     0 0.0000000     0
AAGCGTTTCGATACTG-1_2_4    0    0     0       0     0 0.0000000     0
AAGGAATAGGATAATC-1_2_4    0    0     0       0     0 0.5164618     0
AAGGAATAGTGCACCC-1_2_4    0    0     0       0     0 0.0000000     0
AAGTACCGTATACCCA-1_2_4    0    0     0       0     0 0.0000000     0
AAGTGAACATATACCG-1_2_4    0    0     0       0     0 0.0000000     0
AAGTGAAGTCAGGTGA-1_2_4    0    0     0       0     0 0.0000000     0
AATCGTGAGCTGAGCA-1_2_4    0    0     0       0     0 0.0000000     0
                      Row.names cell_type RN7SK      A1BG A1BG-AS1 A1CF A2M
1        AAACCCACACGCAAAG-1_3_4 Platelets     0 0.0000000        0    0   0
2        AAACCCATCGCAGAGA-1_2_4   T_cells     0 1.4829660        0    0   0
3  AAACCTGAGACTAGGC-MH9143322_7   T_cells     0 1.1051886        0    0   0
4  AAACCTGAGCGTTGCC-MH9143424_7 Platelets     0 0.0000000        0    0   0
5  AAACCTGCAGCGTTCG-MH9143324_7   T_cells     0 0.0000000        0    0   0
6  AAACCTGCAGGGATTG-MH9143427_7   T_cells     0 0.0000000        0    0   0
7  AAACCTGCAGTCAGAG-MH9143322_7 Platelets     0 0.0000000        0    0   0
8  AAACCTGGTCAGATAA-MH9179823_7 Platelets     0 0.0000000        0    0   0
9  AAACCTGTCCTAGTGA-MH9143270_7   T_cells     0 1.0311906        0    0   0
10       AAACGAACACCTCAGG-1_7_4   T_cells     0 0.8796431        0    0   0
11       AAACGAATCCGATCTC-1_2_4 Platelets     0 0.0000000        0    0   0
12 AAACGGGAGCGAAGGG-MH9143324_7   T_cells     0 0.0000000        0    0   0
13 AAACGGGAGGCGATAC-MH8919331_7 Platelets     0 0.0000000        0    0   0
14 AAACGGGCAAGAGTCG-MH9179824_7   T_cells     0 0.0000000        0    0   0
15 AAACGGGCAGGTCTCG-MH9143324_7   T_cells     0 0.0000000        0    0   0
   A2M-AS1 A2ML1 A4GALT AAAS AACS AADAC AADACL3 AADAT
1        0     0      0    0    0     0       0     0
2        0     0      0    0    0     0       0     0
3        0     0      0    0    0     0       0     0
4        0     0      0    0    0     0       0     0
5        0     0      0    0    0     0       0     0
6        0     0      0    0    0     0       0     0
7        0     0      0    0    0     0       0     0
8        0     0      0    0    0     0       0     0
9        0     0      0    0    0     0       0     0
10       0     0      0    0    0     0       0     0
11       0     0      0    0    0     0       0     0
12       0     0      0    0    0     0       0     0
13       0     0      0    0    0     0       0     0
14       0     0      0    0    0     0       0     0
15       0     0      0    0    0     0       0     0
There were 50 or more warnings (use warnings() to see the first 50)
[1] 3988    7
[1] 6.876986
[1] 3452    7
[1] 1.905122
                                 pruned.labels
GSM4557333_561.1_GTAGTGAAAACT_1             BM
GSM4557333_561.5_AGCCGCAATCCA_1      Platelets
GSM4557333_561.7_GGCACCAAAGTT_1             BM
GSM4557333_561.11_CTTACGTCCCCT_1    HSC_-G-CSF
GSM4557333_561.12_CGCCACTTCTTA_1            BM
GSM4557333_561.14_ATCACTTCACAC_1    HSC_-G-CSF

        BM        CMP HSC_-G-CSF        MEP  Platelets    T_cells 
       141        629       1169         78       6195      11819 
                                  RN7SK A1BG A1BG-AS1 A1CF A2M A2M-AS1 A2ML1
GSM4557333_561.1_GTAGTGAAAACT_1       0    0        0    0   0       0     0
GSM4557333_561.5_AGCCGCAATCCA_1       0    0        0    0   0       0     0
GSM4557333_561.7_GGCACCAAAGTT_1       0    0        0    0   0       0     0
GSM4557333_561.11_CTTACGTCCCCT_1      0    0        0    0   0       0     0
GSM4557333_561.12_CGCCACTTCTTA_1      0    0        0    0   0       0     0
GSM4557333_561.14_ATCACTTCACAC_1      0    0        0    0   0       0     0
GSM4557333_561.20_TTTCAAGTGGTA_1      0    0        0    0   0       0     0
GSM4557333_561.44_ATCGGGACCATA_1      0    0        0    0   0       0     0
GSM4557333_561.49_TGAGTCCGAACA_1      0    0        0    0   0       0     0
GSM4557333_561.51_CGTCGTCATGCA_1      0    0        0    0   0       0     0
GSM4557333_561.85_TGTCCCCGACTA_1      0    0        0    0   0       0     0
GSM4557333_561.93_CGGAACCGTGTT_1      0    0        0    0   0       0     0
GSM4557333_561.100_AAACGCCCGGTT_1     0    0        0    0   0       0     0
GSM4557333_561.117_ACGGAGGGAGCG_1     0    0        0    0   0       0     0
GSM4557333_561.128_CCGCTTCGGTCG_1     0    0        0    0   0       0     0
                                  A4GALT AAAS AACS AADAC AADACL3 AADAT PRXL2C
GSM4557333_561.1_GTAGTGAAAACT_1        0    0    0     0       0     0      0
GSM4557333_561.5_AGCCGCAATCCA_1        0    0    0     0       0     0      0
GSM4557333_561.7_GGCACCAAAGTT_1        0    0    0     0       0     0      0
GSM4557333_561.11_CTTACGTCCCCT_1       0    0    0     0       0     0      0
GSM4557333_561.12_CGCCACTTCTTA_1       0    0    0     0       0     0      0
GSM4557333_561.14_ATCACTTCACAC_1       0    0    0     0       0     0      0
GSM4557333_561.20_TTTCAAGTGGTA_1       0    0    0     0       0     0      0
GSM4557333_561.44_ATCGGGACCATA_1       0    0    0     0       0     0      0
GSM4557333_561.49_TGAGTCCGAACA_1       0    0    0     0       0     0      0
GSM4557333_561.51_CGTCGTCATGCA_1       0    0    0     0       0     0      0
GSM4557333_561.85_TGTCCCCGACTA_1       0    0    0     0       0     0      0
GSM4557333_561.93_CGGAACCGTGTT_1       0    0    0     0       0     0      0
GSM4557333_561.100_AAACGCCCGGTT_1      0    0    0     0       0     0      0
GSM4557333_561.117_ACGGAGGGAGCG_1      0    0    0     0       0     0      0
GSM4557333_561.128_CCGCTTCGGTCG_1      0    0    0     0       0     0      0
                                     AAGAB
GSM4557333_561.1_GTAGTGAAAACT_1   0.000000
GSM4557333_561.5_AGCCGCAATCCA_1   0.000000
GSM4557333_561.7_GGCACCAAAGTT_1   0.000000
GSM4557333_561.11_CTTACGTCCCCT_1  0.000000
GSM4557333_561.12_CGCCACTTCTTA_1  0.000000
GSM4557333_561.14_ATCACTTCACAC_1  2.074296
GSM4557333_561.20_TTTCAAGTGGTA_1  0.000000
GSM4557333_561.44_ATCGGGACCATA_1  0.000000
GSM4557333_561.49_TGAGTCCGAACA_1  0.000000
GSM4557333_561.51_CGTCGTCATGCA_1  0.000000
GSM4557333_561.85_TGTCCCCGACTA_1  0.000000
GSM4557333_561.93_CGGAACCGTGTT_1  0.000000
GSM4557333_561.100_AAACGCCCGGTT_1 0.000000
GSM4557333_561.117_ACGGAGGGAGCG_1 0.000000
GSM4557333_561.128_CCGCTTCGGTCG_1 0.000000
                Row.names  cell_type RN7SK A1BG A1BG-AS1 A1CF      A2M  A2M-AS1
1  1_AAAGGTACACCGGTCA-1_3    T_cells     0    0        0    0 0.000000 0.000000
2  1_AACAACCCAGTATGAA-1_3    T_cells     0    0        0    0 0.000000 0.000000
3  1_AAGGAATTCGCAAGAG-1_3 HSC_-G-CSF     0    0        0    0 0.000000 0.000000
4  1_AAGTGAATCACCTTGC-1_3 HSC_-G-CSF     0    0        0    0 0.000000 0.000000
5  1_ACAGGGATCCTACGGG-1_3    T_cells     0    0        0    0 0.000000 1.688455
6  1_ACGCACGGTACCTAAC-1_3 HSC_-G-CSF     0    0        0    0 0.000000 0.000000
7  1_AGCATCAAGGTTCATC-1_3 HSC_-G-CSF     0    0        0    0 0.000000 0.000000
8  1_AGGGTCCGTGGCTACC-1_3    T_cells     0    0        0    0 1.151996 1.151996
9  1_AGTCATGGTACGTGAG-1_3    T_cells     0    0        0    0 0.000000 0.000000
10 1_ATCGGATAGGGACCAT-1_3    T_cells     0    0        0    0 0.000000 1.358024
11 1_ATGCATGGTCGCTTGG-1_3    T_cells     0    0        0    0 0.000000 0.000000
12 1_ATTCAGGAGAGAGTTT-1_3    T_cells     0    0        0    0 0.000000 0.000000
13 1_ATTCGTTCATAGTCAC-1_3    T_cells     0    0        0    0 0.000000 0.000000
14 1_CACACAAAGCGGACAT-1_3    T_cells     0    0        0    0 1.048450 2.129766
15 1_CATTGTTGTCGTAATC-1_3    T_cells     0    0        0    0 0.000000 1.210334
   A2ML1 A4GALT      AAAS AACS AADAC AADACL3 AADAT
1      0      0 0.0000000    0     0       0     0
2      0      0 0.0000000    0     0       0     0
3      0      0 0.0000000    0     0       0     0
4      0      0 0.0000000    0     0       0     0
5      0      0 0.0000000    0     0       0     0
6      0      0 0.0000000    0     0       0     0
7      0      0 0.0000000    0     0       0     0
8      0      0 0.0000000    0     0       0     0
9      0      0 0.0000000    0     0       0     0
10     0      0 0.0000000    0     0       0     0
11     0      0 0.0000000    0     0       0     0
12     0      0 0.5525826    0     0       0     0
13     0      0 0.0000000    0     0       0     0
14     0      0 0.0000000    0     0       0     0
15     0      0 0.0000000    0     0       0     0
There were 50 or more warnings (use warnings() to see the first 50)
[1] 5412    7
[1] 7.824638
[1] 4565    7
[1] 2.947864
                                   pruned.labels
GSM4557327_555_1.19_CATCTGGCTATC_1            BM
GSM4557327_555_1.33_TAACGCAAACCC_1    HSC_-G-CSF
GSM4557327_555_1.49_TACCCTAATAAA_1    HSC_-G-CSF
GSM4557327_555_1.62_AGACCCTTCATT_1    HSC_-G-CSF
GSM4557327_555_1.65_TTCTCTGTCTGG_1    HSC_-G-CSF
GSM4557327_555_1.67_TTCAATGTGGTA_1    HSC_-G-CSF

        BM        CMP HSC_-G-CSF        MEP  Platelets    T_cells 
      1156       1685       7260        225      17643       4639 
                                    RN7SK A1BG A1BG-AS1 A1CF A2M A2M-AS1 A2ML1
GSM4557327_555_1.19_CATCTGGCTATC_1      0    0        0    0   0       0     0
GSM4557327_555_1.33_TAACGCAAACCC_1      0    0        0    0   0       0     0
GSM4557327_555_1.49_TACCCTAATAAA_1      0    0        0    0   0       0     0
GSM4557327_555_1.62_AGACCCTTCATT_1      0    0        0    0   0       0     0
GSM4557327_555_1.65_TTCTCTGTCTGG_1      0    0        0    0   0       0     0
GSM4557327_555_1.67_TTCAATGTGGTA_1      0    0        0    0   0       0     0
GSM4557327_555_1.85_ATCCGCCCTCCT_1      0    0        0    0   0       0     0
GSM4557327_555_1.88_GCAAGCTACGAC_1      0    0        0    0   0       0     0
GSM4557327_555_1.105_TGGCTCGTGACT_1     0    0        0    0   0       0     0
GSM4557327_555_1.110_CTGAACCATGGC_1     0    0        0    0   0       0     0
GSM4557327_555_1.121_TGCAACCATTTC_1     0    0        0    0   0       0     0
GSM4557327_555_1.150_CCTCCACCTACG_1     0    0        0    0   0       0     0
GSM4557327_555_1.165_TTTCGACCGTTT_1     0    0        0    0   0       0     0
GSM4557327_555_1.167_GACGTGAAACCA_1     0    0        0    0   0       0     0
GSM4557327_555_1.198_CTGCCATCCTGT_1     0    0        0    0   0       0     0
                                    A4GALT AAAS     AACS AADAC AADACL3 AADAT
GSM4557327_555_1.19_CATCTGGCTATC_1       0    0 0.000000     0       0     0
GSM4557327_555_1.33_TAACGCAAACCC_1       0    0 0.000000     0       0     0
GSM4557327_555_1.49_TACCCTAATAAA_1       0    0 0.000000     0       0     0
GSM4557327_555_1.62_AGACCCTTCATT_1       0    0 0.000000     0       0     0
GSM4557327_555_1.65_TTCTCTGTCTGG_1       0    0 0.000000     0       0     0
GSM4557327_555_1.67_TTCAATGTGGTA_1       0    0 0.000000     0       0     0
GSM4557327_555_1.85_ATCCGCCCTCCT_1       0    0 0.000000     0       0     0
GSM4557327_555_1.88_GCAAGCTACGAC_1       0    0 0.000000     0       0     0
GSM4557327_555_1.105_TGGCTCGTGACT_1      0    0 0.000000     0       0     0
GSM4557327_555_1.110_CTGAACCATGGC_1      0    0 0.000000     0       0     0
GSM4557327_555_1.121_TGCAACCATTTC_1      0    0 0.000000     0       0     0
GSM4557327_555_1.150_CCTCCACCTACG_1      0    0 2.279514     0       0     0
GSM4557327_555_1.165_TTTCGACCGTTT_1      0    0 0.000000     0       0     0
GSM4557327_555_1.167_GACGTGAAACCA_1      0    0 0.000000     0       0     0
GSM4557327_555_1.198_CTGCCATCCTGT_1      0    0 0.000000     0       0     0
                                    PRXL2C AAGAB
GSM4557327_555_1.19_CATCTGGCTATC_1       0     0
GSM4557327_555_1.33_TAACGCAAACCC_1       0     0
GSM4557327_555_1.49_TACCCTAATAAA_1       0     0
GSM4557327_555_1.62_AGACCCTTCATT_1       0     0
GSM4557327_555_1.65_TTCTCTGTCTGG_1       0     0
GSM4557327_555_1.67_TTCAATGTGGTA_1       0     0
GSM4557327_555_1.85_ATCCGCCCTCCT_1       0     0
GSM4557327_555_1.88_GCAAGCTACGAC_1       0     0
GSM4557327_555_1.105_TGGCTCGTGACT_1      0     0
GSM4557327_555_1.110_CTGAACCATGGC_1      0     0
GSM4557327_555_1.121_TGCAACCATTTC_1      0     0
GSM4557327_555_1.150_CCTCCACCTACG_1      0     0
GSM4557327_555_1.165_TTTCGACCGTTT_1      0     0
GSM4557327_555_1.167_GACGTGAAACCA_1      0     0
GSM4557327_555_1.198_CTGCCATCCTGT_1      0     0
                Row.names  cell_type RN7SK      A1BG A1BG-AS1 A1CF       A2M
1  3_AAACGAATCCGATAAC-1_3    T_cells     0 0.6181175        0    0 0.6181175
2  3_AACAAGAAGAATCGAT-1_3 HSC_-G-CSF     0 0.0000000        0    0 0.0000000
3  3_AAGTGAAGTGGAGGTT-1_3    T_cells     0 0.7231952        0    0 0.0000000
4  3_AAGTTCGGTCGGTACC-1_3 HSC_-G-CSF     0 0.0000000        0    0 0.0000000
5  3_AAGTTCGTCCCTGTTG-1_3  Platelets     0 0.0000000        0    0 0.0000000
6  3_AATCACGTCTACGCAA-1_3 HSC_-G-CSF     0 0.0000000        0    0 0.0000000
7  3_AATCGACCATGCCGGT-1_3 HSC_-G-CSF     0 0.0000000        0    0 0.0000000
8  3_AATTCCTGTCTACGTA-1_3    T_cells     0 0.9567933        0    0 0.0000000
9  3_AATTTCCGTCAGGCAA-1_3 HSC_-G-CSF     0 1.1174269        0    0 0.0000000
10 3_ACAAAGACAGCACGAA-1_3 HSC_-G-CSF     0 0.0000000        0    0 0.0000000
11 3_ACACAGTTCATTTCGT-1_3  Platelets     0 0.0000000        0    0 0.0000000
12 3_ACCAAACAGGTAGCCA-1_3 HSC_-G-CSF     0 0.7581393        0    0 0.0000000
13 3_ACCCAAATCGGAGCAA-1_3    T_cells     0 0.0000000        0    0 0.0000000
14 3_ACCCTTGTCCTTCTAA-1_3 HSC_-G-CSF     0 0.0000000        0    0 0.0000000
15 3_ACGATCACAAAGCTAA-1_3    T_cells     0 0.0000000        0    0 1.1722982
     A2M-AS1 A2ML1 A4GALT AAAS      AACS AADAC AADACL3 AADAT
1  0.6181175     0      0    0 0.0000000     0       0     0
2  0.0000000     0      0    0 0.0000000     0       0     0
3  0.0000000     0      0    0 0.0000000     0       0     0
4  0.0000000     0      0    0 0.0000000     0       0     0
5  0.0000000     0      0    0 0.0000000     0       0     0
6  0.0000000     0      0    0 0.0000000     0       0     0
7  0.0000000     0      0    0 0.0000000     0       0     0
8  0.0000000     0      0    0 0.0000000     0       0     0
9  0.0000000     0      0    0 0.0000000     0       0     0
10 0.0000000     0      0    0 0.0000000     0       0     0
11 0.0000000     0      0    0 0.0000000     0       0     0
12 0.0000000     0      0    0 0.0000000     0       0     0
13 0.6785248     0      0    0 0.0000000     0       0     0
14 0.0000000     0      0    0 0.0000000     0       0     0
15 0.0000000     0      0    0 0.7489143     0       0     0
There were 50 or more warnings (use warnings() to see the first 50)
[1] 8538    7
[1] 8.448507
[1] 6728    7
[1] 3.008267
