srun: error: Unable to create step for job 6600617: Memory required by task is not available
no change     /opt/linux/centos/7.x/x86_64/pkgs/miniconda2/4.4.10/condabin/conda
no change     /opt/linux/centos/7.x/x86_64/pkgs/miniconda2/4.4.10/bin/conda
no change     /opt/linux/centos/7.x/x86_64/pkgs/miniconda2/4.4.10/bin/conda-env
no change     /opt/linux/centos/7.x/x86_64/pkgs/miniconda2/4.4.10/bin/activate
no change     /opt/linux/centos/7.x/x86_64/pkgs/miniconda2/4.4.10/bin/deactivate
no change     /opt/linux/centos/7.x/x86_64/pkgs/miniconda2/4.4.10/etc/profile.d/conda.sh
no change     /opt/linux/centos/7.x/x86_64/pkgs/miniconda2/4.4.10/etc/fish/conf.d/conda.fish
no change     /opt/linux/centos/7.x/x86_64/pkgs/miniconda2/4.4.10/shell/condabin/Conda.psm1
no change     /opt/linux/centos/7.x/x86_64/pkgs/miniconda2/4.4.10/shell/condabin/conda-hook.ps1
no change     /opt/linux/centos/7.x/x86_64/pkgs/miniconda2/4.4.10/lib/python2.7/site-packages/xontrib/conda.xsh
no change     /opt/linux/centos/7.x/x86_64/pkgs/miniconda2/4.4.10/etc/profile.d/conda.csh
No action taken.

CommandNotFoundError: Your shell has not been properly configured to use 'conda activate'.
To initialize your shell, run

    $ conda init <SHELL_NAME>

Currently supported shells are:
  - bash
  - fish
  - tcsh
  - xonsh
  - zsh
  - powershell

See 'conda init --help' for more information and options.

IMPORTANT: You may need to close and restart your shell after running 'conda init'.


Error in library(monocle3) : there is no package called ‘monocle3’
Execution halted
