Unloading R/4.0.1
  Unloading useless requirement: java/8u45 libiconv/1.16 hdf5/1.10.1 gdal/2.1.3
    geos/3.7.1 java/8 netcdf/4.4.1.1 pandoc/2.9.2.1 texlive/2017 ggobi/2.1.11
    workspace/scratch
Loading R/4.1.0_gcc-8.3.0
  Loading requirement: workspace/scratch GCCcore/8.3.0
    binutils/2.35.1-GCCcore-8.3.0 GCC/8.3.0 gdal/3.2.2_gcc-8.3.0
    geos/3.9.1_gcc-8.3.0 texlive/2017 pandoc/2.9.2.1 java/16.0.1
Registered S3 method overwritten by 'spatstat.geom':
  method     from
  print.boxx cli 
Attaching SeuratObject
Warning messages:
1: replacing previous import ‘lifecycle::last_warnings’ by ‘rlang::last_warnings’ when loading ‘tibble’ 
2: replacing previous import ‘lifecycle::last_warnings’ by ‘rlang::last_warnings’ when loading ‘pillar’ 
Loading required package: Rcpp

Attaching package: ‘dplyr’

The following objects are masked from ‘package:stats’:

    filter, lag

The following objects are masked from ‘package:base’:

    intersect, setdiff, setequal, union

Warning: Non-unique cell names (colnames) present in the input matrix, making unique
Calculating gene variances
0%   10   20   30   40   50   60   70   80   90   100%
[----|----|----|----|----|----|----|----|----|----|
**************************************************|
Calculating feature variances of standardized and clipped values
0%   10   20   30   40   50   60   70   80   90   100%
[----|----|----|----|----|----|----|----|----|----|
**************************************************|
Harmony 1/10
0%   10   20   30   40   50   60   70   80   90   100%
[----|----|----|----|----|----|----|----|----|----|
**************************************************|
Harmony 2/10
0%   10   20   30   40   50   60   70   80   90   100%
[----|----|----|----|----|----|----|----|----|----|
**************************************************|
Harmony 3/10
0%   10   20   30   40   50   60   70   80   90   100%
[----|----|----|----|----|----|----|----|----|----|
**************************************************|
Harmony converged after 3 iterations
Warning: Invalid name supplied, making object name syntactically valid. New object name is Seurat..ProjectDim.RNA.harmony; see ?make.names for more details on syntax validity
Warning messages:
1: Quick-TRANSfer stage steps exceeded maximum (= 15630700) 
2: Quick-TRANSfer stage steps exceeded maximum (= 15630700) 
3: Quick-TRANSfer stage steps exceeded maximum (= 15630700) 
4: Quick-TRANSfer stage steps exceeded maximum (= 15630700) 
5: Quick-TRANSfer stage steps exceeded maximum (= 15630700) 
6: Quick-TRANSfer stage steps exceeded maximum (= 15630700) 
7: Quick-TRANSfer stage steps exceeded maximum (= 15630700) 
8: Quick-TRANSfer stage steps exceeded maximum (= 15630700) 
null device 
          1 
Warning: The default method for RunUMAP has changed from calling Python UMAP via reticulate to the R-native UWOT using the cosine metric
To use Python UMAP via reticulate, set umap.method to 'umap-learn' and metric to 'correlation'
This message will be shown once per session
00:34:57 UMAP embedding parameters a = 0.9922 b = 1.112
00:34:58 Read 312614 rows and found 30 numeric columns
00:34:58 Using Annoy for neighbor search, n_neighbors = 30
00:34:58 Building Annoy index with metric = cosine, n_trees = 50
0%   10   20   30   40   50   60   70   80   90   100%
[----|----|----|----|----|----|----|----|----|----|
**************************************************|
00:36:06 Writing NN index file to temp file /scratch/xinruqiu/6565452/RtmpKHj5JL/filef6c46ebd4e73
00:36:06 Searching Annoy index using 1 thread, search_k = 3000
00:40:21 Annoy recall = 100%
00:40:22 Commencing smooth kNN distance calibration using 1 thread
00:40:50 Initializing from normalized Laplacian + noise
00:41:56 Commencing optimization for 200 epochs, with 14636632 positive edges
0%   10   20   30   40   50   60   70   80   90   100%
[----|----|----|----|----|----|----|----|----|----|
**************************************************|
00:50:13 Optimization finished
Computing nearest neighbor graph
Computing SNN
Modularity Optimizer version 1.3.0 by Ludo Waltman and Nees Jan van Eck

Number of nodes: 312614
Number of edges: 7783233

Running Louvain algorithm...
0%   10   20   30   40   50   60   70   80   90   100%
[----|----|----|----|----|----|----|----|----|----|
**************************************************|
Maximum modularity in 10 random starts: 0.8929
Number of communities: 71
Elapsed time: 231 seconds
41 singletons identified. 30 final clusters.
