Registered S3 method overwritten by 'spatstat.geom':
  method     from
  print.boxx cli 
Attaching SeuratObject
Warning messages:
1: replacing previous import ‘lifecycle::last_warnings’ by ‘rlang::last_warnings’ when loading ‘tibble’ 
2: replacing previous import ‘lifecycle::last_warnings’ by ‘rlang::last_warnings’ when loading ‘pillar’ 

Attaching package: ‘dplyr’

The following objects are masked from ‘package:stats’:

    filter, lag

The following objects are masked from ‘package:base’:

    intersect, setdiff, setequal, union


Attaching package: ‘ggpubr’

The following object is masked from ‘package:cowplot’:

    get_legend

Warning message:
replacing previous import ‘lifecycle::last_warnings’ by ‘rlang::last_warnings’ when loading ‘hms’ 

Attaching package: ‘rstatix’

The following object is masked from ‘package:stats’:

    filter

Registered S3 method overwritten by 'gamlss':
  method   from
  print.ri bit 
There were 21 warnings (use warnings() to see them)
[1] 528859     18
Error in Category_select : object 'Category_select' not found
In addition: There were 50 or more warnings (use warnings() to see the first 50)
Execution halted
