Unloading R/4.0.1
  Unloading useless requirement: java/8u45 libiconv/1.16 hdf5/1.10.1 gdal/2.1.3
    geos/3.7.1 java/8 netcdf/4.4.1.1 pandoc/2.9.2.1 texlive/2017 ggobi/2.1.11
    workspace/scratch
Loading R/4.1.0_gcc-8.3.0
  Loading requirement: workspace/scratch GCCcore/8.3.0
    binutils/2.35.1-GCCcore-8.3.0 GCC/8.3.0 gdal/3.2.2_gcc-8.3.0
    geos/3.9.1_gcc-8.3.0 texlive/2017 pandoc/2.9.2.1 java/16.0.1
Registered S3 method overwritten by 'spatstat.geom':
  method     from
  print.boxx cli 
Registered S3 method overwritten by 'SeuratDisk':
  method            from  
  as.sparse.H5Group Seurat
Warning messages:
1: replacing previous import ‘lifecycle::last_warnings’ by ‘rlang::last_warnings’ when loading ‘tibble’ 
2: replacing previous import ‘lifecycle::last_warnings’ by ‘rlang::last_warnings’ when loading ‘pillar’ 

Attaching package: ‘dplyr’

The following objects are masked from ‘package:stats’:

    filter, lag

The following objects are masked from ‘package:base’:

    intersect, setdiff, setequal, union

Attaching SeuratObject

Attaching package: ‘RISC’

The following object is masked from ‘package:Seurat’:

    DimPlot

Loading required package: SummarizedExperiment
Loading required package: MatrixGenerics
Loading required package: matrixStats

Attaching package: ‘matrixStats’

The following object is masked from ‘package:dplyr’:

    count


Attaching package: ‘MatrixGenerics’

The following objects are masked from ‘package:matrixStats’:

    colAlls, colAnyNAs, colAnys, colAvgsPerRowSet, colCollapse,
    colCounts, colCummaxs, colCummins, colCumprods, colCumsums,
    colDiffs, colIQRDiffs, colIQRs, colLogSumExps, colMadDiffs,
    colMads, colMaxs, colMeans2, colMedians, colMins, colOrderStats,
    colProds, colQuantiles, colRanges, colRanks, colSdDiffs, colSds,
    colSums2, colTabulates, colVarDiffs, colVars, colWeightedMads,
    colWeightedMeans, colWeightedMedians, colWeightedSds,
    colWeightedVars, rowAlls, rowAnyNAs, rowAnys, rowAvgsPerColSet,
    rowCollapse, rowCounts, rowCummaxs, rowCummins, rowCumprods,
    rowCumsums, rowDiffs, rowIQRDiffs, rowIQRs, rowLogSumExps,
    rowMadDiffs, rowMads, rowMaxs, rowMeans2, rowMedians, rowMins,
    rowOrderStats, rowProds, rowQuantiles, rowRanges, rowRanks,
    rowSdDiffs, rowSds, rowSums2, rowTabulates, rowVarDiffs, rowVars,
    rowWeightedMads, rowWeightedMeans, rowWeightedMedians,
    rowWeightedSds, rowWeightedVars

Loading required package: GenomicRanges
Loading required package: stats4
Loading required package: BiocGenerics

Attaching package: ‘BiocGenerics’

The following objects are masked from ‘package:dplyr’:

    combine, intersect, setdiff, union

The following objects are masked from ‘package:stats’:

    IQR, mad, sd, var, xtabs

The following objects are masked from ‘package:base’:

    anyDuplicated, append, as.data.frame, basename, cbind, colnames,
    dirname, do.call, duplicated, eval, evalq, Filter, Find, get, grep,
    grepl, intersect, is.unsorted, lapply, Map, mapply, match, mget,
    order, paste, pmax, pmax.int, pmin, pmin.int, Position, rank,
    rbind, Reduce, rownames, sapply, setdiff, sort, table, tapply,
    union, unique, unsplit, which.max, which.min

Loading required package: S4Vectors

Attaching package: ‘S4Vectors’

The following objects are masked from ‘package:dplyr’:

    first, rename

The following objects are masked from ‘package:base’:

    expand.grid, I, unname

Loading required package: IRanges

Attaching package: ‘IRanges’

The following objects are masked from ‘package:dplyr’:

    collapse, desc, slice

Loading required package: GenomeInfoDb
Loading required package: Biobase
Welcome to Bioconductor

    Vignettes contain introductory material; view with
    'browseVignettes()'. To cite Bioconductor, see
    'citation("Biobase")', and for packages 'citation("pkgname")'.


Attaching package: ‘Biobase’

The following object is masked from ‘package:MatrixGenerics’:

    rowMedians

The following objects are masked from ‘package:matrixStats’:

    anyMissing, rowMedians


Attaching package: ‘SummarizedExperiment’

The following object is masked from ‘package:SeuratObject’:

    Assays

The following object is masked from ‘package:Seurat’:

    Assays


Attaching package: ‘SingleR’

The following objects are masked from ‘package:celldex’:

    BlueprintEncodeData, DatabaseImmuneCellExpressionData,
    HumanPrimaryCellAtlasData, ImmGenData, MonacoImmuneData,
    MouseRNAseqData, NovershternHematopoieticData


Attaching package: ‘tidyr’

The following object is masked from ‘package:S4Vectors’:

    expand

Validating h5Seurat file
Warning: Feature names cannot have underscores ('_'), replacing with dashes ('-')
Initializing RNA with data
Adding counts for RNA
Adding feature-level metadata for RNA
Warning: Feature names cannot have underscores ('_'), replacing with dashes ('-')
Initializing raw with data
Adding counts for raw
Adding reduction pca
Adding cell embeddings for pca
Adding miscellaneous information for pca
Adding reduction pca_harmony
Adding cell embeddings for pca_harmony
Adding miscellaneous information for pca_harmony
Adding reduction umap
Adding cell embeddings for umap
Adding miscellaneous information for umap
Adding command information
Adding cell-level metadata
Adding miscellaneous information
Adding tool-specific results
Warning message:
Cannot add objects with duplicate keys (offending key: PC_), setting key to 'pca_harmony_' 
Warning: Keys should be one or more alphanumeric characters followed by an underscore, setting key from pca_harmony_ to pcaharmony_
Warning: Keys should be one or more alphanumeric characters followed by an underscore, setting key from pca_harmony_ to pcaharmony_
Warning: Keys should be one or more alphanumeric characters followed by an underscore, setting key from pca_harmony_ to pcaharmony_
Validating h5Seurat file
Initializing ADT with data
Adding counts for ADT
Initializing SCT with data
Adding counts for SCT
Adding variable feature information for SCT
Adding miscellaneous information for SCT
Adding reduction apca
Adding cell embeddings for apca
Adding feature loadings for apca
Adding miscellaneous information for apca
Adding reduction aumap
Adding cell embeddings for aumap
Adding miscellaneous information for aumap
Adding reduction pca
Adding cell embeddings for pca
Adding feature loadings for pca
Adding miscellaneous information for pca
Adding reduction spca
Adding cell embeddings for spca
Adding feature loadings for spca
Adding miscellaneous information for spca
Adding reduction umap
Adding cell embeddings for umap
Adding miscellaneous information for umap
Adding reduction wnn.umap
Adding cell embeddings for wnn.umap
Adding miscellaneous information for wnn.umap
Adding graph wknn
Adding graph wsnn
Adding command information
Adding cell-level metadata
Adding miscellaneous information
Adding tool-specific results
Warning: Non-unique features (rownames) present in the input matrix, making unique
Projecting cell embeddings
Finding neighborhoods
Finding anchors
	Found 14093 anchors
Finding integration vectors
Finding integration vector weights
0%   10   20   30   40   50   60   70   80   90   100%
[----|----|----|----|----|----|----|----|----|----|
**************************************************|
Predicting cell labels
Warning: Keys should be one or more alphanumeric characters followed by an underscore, setting key from predictionscorecelltype.l1_ to predictionscorecelltypel1_
Predicting cell labels
Warning: Feature names cannot have underscores ('_'), replacing with dashes ('-')
Warning: Keys should be one or more alphanumeric characters followed by an underscore, setting key from predictionscorecelltype.l2_ to predictionscorecelltypel2_
Transfering 224 features onto reference data
Warning: Keys should be one or more alphanumeric characters followed by an underscore, setting key from predicted_ADT_ to predictedADT_
Integrating dataset 2 with reference dataset
Finding integration vectors
Integrating data
Warning: Keys should be one or more alphanumeric characters followed by an underscore, setting key from ref.spca_ to refspca_
Warning: Keys should be one or more alphanumeric characters followed by an underscore, setting key from ref.spca_ to refspca_
Warning: All keys should be one or more alphanumeric characters followed by an underscore '_', setting key to refspca_
Computing nearest neighbors
Warning: The default method for RunUMAP has changed from calling Python UMAP via reticulate to the R-native UWOT using the cosine metric
To use Python UMAP via reticulate, set umap.method to 'umap-learn' and metric to 'correlation'
This message will be shown once per session
Running UMAP projection
14:01:08 Read 278418 rows and found  numeric columns
14:01:08 Processing block 1 of 1
14:01:08 Commencing smooth kNN distance calibration using 1 thread
14:01:11 Initializing by weighted average of neighbor coordinates using 1 thread
14:01:13 Commencing optimization for 67 epochs, with 5568360 positive edges
0%   10   20   30   40   50   60   70   80   90   100%
[----|----|----|----|----|----|----|----|----|----|
**************************************************|
14:03:08 Finished
Warning: No assay specified, setting assay as RNA by default.
There were 50 or more warnings (use warnings() to see the first 50)
Warning: Non-unique features (rownames) present in the input matrix, making unique
Projecting cell embeddings
Finding neighborhoods
Finding anchors
	Found 8555 anchors
Finding integration vectors
Finding integration vector weights
0%   10   20   30   40   50   60   70   80   90   100%
[----|----|----|----|----|----|----|----|----|----|
**************************************************|
Predicting cell labels
Warning: Keys should be one or more alphanumeric characters followed by an underscore, setting key from predictionscorecelltype.l1_ to predictionscorecelltypel1_
Predicting cell labels
Warning: Feature names cannot have underscores ('_'), replacing with dashes ('-')
Warning: Keys should be one or more alphanumeric characters followed by an underscore, setting key from predictionscorecelltype.l2_ to predictionscorecelltypel2_
Transfering 224 features onto reference data
Warning: Keys should be one or more alphanumeric characters followed by an underscore, setting key from predicted_ADT_ to predictedADT_
Integrating dataset 2 with reference dataset
Finding integration vectors
Integrating data
Warning: Keys should be one or more alphanumeric characters followed by an underscore, setting key from ref.spca_ to refspca_
Warning: Keys should be one or more alphanumeric characters followed by an underscore, setting key from ref.spca_ to refspca_
Warning: All keys should be one or more alphanumeric characters followed by an underscore '_', setting key to refspca_
Computing nearest neighbors
Running UMAP projection
14:28:29 Read 149460 rows and found  numeric columns
14:28:29 Processing block 1 of 1
14:28:29 Commencing smooth kNN distance calibration using 1 thread
14:28:31 Initializing by weighted average of neighbor coordinates using 1 thread
14:28:32 Commencing optimization for 67 epochs, with 2989200 positive edges
0%   10   20   30   40   50   60   70   80   90   100%
[----|----|----|----|----|----|----|----|----|----|
**************************************************|
14:29:35 Finished
Warning: No assay specified, setting assay as RNA by default.
There were 50 or more warnings (use warnings() to see the first 50)
Warning: Non-unique features (rownames) present in the input matrix, making unique
Projecting cell embeddings
Finding neighborhoods
Finding anchors
	Found 4304 anchors
Finding integration vectors
Finding integration vector weights
0%   10   20   30   40   50   60   70   80   90   100%
[----|----|----|----|----|----|----|----|----|----|
**************************************************|
Predicting cell labels
Warning: Keys should be one or more alphanumeric characters followed by an underscore, setting key from predictionscorecelltype.l1_ to predictionscorecelltypel1_
Predicting cell labels
Warning: Feature names cannot have underscores ('_'), replacing with dashes ('-')
Warning: Keys should be one or more alphanumeric characters followed by an underscore, setting key from predictionscorecelltype.l2_ to predictionscorecelltypel2_
Transfering 224 features onto reference data
Warning: Keys should be one or more alphanumeric characters followed by an underscore, setting key from predicted_ADT_ to predictedADT_
Integrating dataset 2 with reference dataset
Finding integration vectors
Integrating data
Warning: Keys should be one or more alphanumeric characters followed by an underscore, setting key from ref.spca_ to refspca_
Warning: Keys should be one or more alphanumeric characters followed by an underscore, setting key from ref.spca_ to refspca_
Warning: All keys should be one or more alphanumeric characters followed by an underscore '_', setting key to refspca_
Computing nearest neighbors
Running UMAP projection
14:44:38 Read 76672 rows and found  numeric columns
14:44:38 Processing block 1 of 1
14:44:38 Commencing smooth kNN distance calibration using 1 thread
14:44:39 Initializing by weighted average of neighbor coordinates using 1 thread
14:44:39 Commencing optimization for 67 epochs, with 1533440 positive edges
0%   10   20   30   40   50   60   70   80   90   100%
[----|----|----|----|----|----|----|----|----|----|
**************************************************|
14:45:10 Finished
Warning: No assay specified, setting assay as RNA by default.
There were 50 or more warnings (use warnings() to see the first 50)
